-------------------------------------------------------------------------------
Test set: com.atguigu.crowd.test.CrowdTest
-------------------------------------------------------------------------------
Tests run: 5, Failures: 0, Errors: 2, Skipped: 0, Time elapsed: 2.624 s <<< FAILURE! - in com.atguigu.crowd.test.CrowdTest
testInsertAdmin(com.atguigu.crowd.test.CrowdTest)  Time elapsed: 0.094 s  <<< ERROR!
org.springframework.dao.DuplicateKeyException: 

### Error updating database.  Cause: com.mysql.jdbc.exceptions.jdbc4.MySQLIntegrityConstraintViolationException: Duplicate entry 'tom' for key 'login_acct_UNIQUE'
### The error may involve mapper.AdminMapper.insert-Inline
### The error occurred while setting parameters
### SQL: insert into t_admin (id, login_acct, user_pswd,        user_name, email, create_time       )     values (?, ?, ?,        ?, ?, ?       )
### Cause: com.mysql.jdbc.exceptions.jdbc4.MySQLIntegrityConstraintViolationException: Duplicate entry 'tom' for key 'login_acct_UNIQUE'
; SQL []; Duplicate entry 'tom' for key 'login_acct_UNIQUE'; nested exception is com.mysql.jdbc.exceptions.jdbc4.MySQLIntegrityConstraintViolationException: Duplicate entry 'tom' for key 'login_acct_UNIQUE'
	at com.atguigu.crowd.test.CrowdTest.testInsertAdmin(CrowdTest.java:60)
Caused by: com.mysql.jdbc.exceptions.jdbc4.MySQLIntegrityConstraintViolationException: Duplicate entry 'tom' for key 'login_acct_UNIQUE'
	at com.atguigu.crowd.test.CrowdTest.testInsertAdmin(CrowdTest.java:60)

test(com.atguigu.crowd.test.CrowdTest)  Time elapsed: 0.032 s  <<< ERROR!
org.springframework.dao.DuplicateKeyException: 

### Error updating database.  Cause: com.mysql.jdbc.exceptions.jdbc4.MySQLIntegrityConstraintViolationException: Duplicate entry 'loginAcct0' for key 'login_acct_UNIQUE'
### The error may involve mapper.AdminMapper.insert-Inline
### The error occurred while setting parameters
### SQL: insert into t_admin (id, login_acct, user_pswd,        user_name, email, create_time       )     values (?, ?, ?,        ?, ?, ?       )
### Cause: com.mysql.jdbc.exceptions.jdbc4.MySQLIntegrityConstraintViolationException: Duplicate entry 'loginAcct0' for key 'login_acct_UNIQUE'
; SQL []; Duplicate entry 'loginAcct0' for key 'login_acct_UNIQUE'; nested exception is com.mysql.jdbc.exceptions.jdbc4.MySQLIntegrityConstraintViolationException: Duplicate entry 'loginAcct0' for key 'login_acct_UNIQUE'
	at com.atguigu.crowd.test.CrowdTest.test(CrowdTest.java:34)
Caused by: com.mysql.jdbc.exceptions.jdbc4.MySQLIntegrityConstraintViolationException: Duplicate entry 'loginAcct0' for key 'login_acct_UNIQUE'
	at com.atguigu.crowd.test.CrowdTest.test(CrowdTest.java:34)

