-------------------------------------------------------------------------------
Test set: com.atguigu.crowd.test.CrowdTest
-------------------------------------------------------------------------------
Tests run: 1, Failures: 0, Errors: 1, Skipped: 0, Time elapsed: 1.222 s <<< FAILURE! - in com.atguigu.crowd.test.CrowdTest
testConnection(com.atguigu.crowd.test.CrowdTest)  Time elapsed: 0.002 s  <<< ERROR!
java.lang.IllegalStateException: Failed to load ApplicationContext
Caused by: org.springframework.beans.factory.BeanCreationException: Error creating bean with name 'sqlSessionFactoryBean' defined in class path resource [spring-persist-mybatis.xml]: Invocation of init method failed; nested exception is org.springframework.core.NestedIOException: Failed to parse mapping resource: 'file [/Users/zhanghan/IdeaProjects/atcrowdfunding01-admin-parent/atcrowdfunding02-admin-webui/target/classes/mybatis/mapper/AdminMapper.xml]'; nested exception is org.apache.ibatis.builder.BuilderException: Error parsing Mapper XML. Cause: org.apache.ibatis.builder.BuilderException: Error resolving class. Cause: org.apache.ibatis.type.TypeException: Could not resolve type alias 'com.atguigu.crowd.com.atguigu.crowd.entity.Admin'.  Cause: java.lang.ClassNotFoundException: Cannot find class: com.atguigu.crowd.com.atguigu.crowd.entity.Admin
Caused by: org.springframework.core.NestedIOException: Failed to parse mapping resource: 'file [/Users/zhanghan/IdeaProjects/atcrowdfunding01-admin-parent/atcrowdfunding02-admin-webui/target/classes/mybatis/mapper/AdminMapper.xml]'; nested exception is org.apache.ibatis.builder.BuilderException: Error parsing Mapper XML. Cause: org.apache.ibatis.builder.BuilderException: Error resolving class. Cause: org.apache.ibatis.type.TypeException: Could not resolve type alias 'com.atguigu.crowd.com.atguigu.crowd.entity.Admin'.  Cause: java.lang.ClassNotFoundException: Cannot find class: com.atguigu.crowd.com.atguigu.crowd.entity.Admin
Caused by: org.apache.ibatis.builder.BuilderException: Error parsing Mapper XML. Cause: org.apache.ibatis.builder.BuilderException: Error resolving class. Cause: org.apache.ibatis.type.TypeException: Could not resolve type alias 'com.atguigu.crowd.com.atguigu.crowd.entity.Admin'.  Cause: java.lang.ClassNotFoundException: Cannot find class: com.atguigu.crowd.com.atguigu.crowd.entity.Admin
Caused by: org.apache.ibatis.builder.BuilderException: Error resolving class. Cause: org.apache.ibatis.type.TypeException: Could not resolve type alias 'com.atguigu.crowd.com.atguigu.crowd.entity.Admin'.  Cause: java.lang.ClassNotFoundException: Cannot find class: com.atguigu.crowd.com.atguigu.crowd.entity.Admin
Caused by: org.apache.ibatis.type.TypeException: Could not resolve type alias 'com.atguigu.crowd.com.atguigu.crowd.entity.Admin'.  Cause: java.lang.ClassNotFoundException: Cannot find class: com.atguigu.crowd.com.atguigu.crowd.entity.Admin
Caused by: java.lang.ClassNotFoundException: Cannot find class: com.atguigu.crowd.com.atguigu.crowd.entity.Admin

