<?xml version="1.0" encoding="UTF-8"?>
<testsuite xmlns:xsi="http://www.w3.org/2001/XMLSchema-instance" xsi:noNamespaceSchemaLocation="https://maven.apache.org/surefire/maven-surefire-plugin/xsd/surefire-test-report.xsd" name="com.atguigu.crowd.test.CrowdTest" time="2.624" tests="5" errors="2" skipped="0" failures="0">
  <properties>
[...]
</properties>
  <testcase name="testConnection" classname="com.atguigu.crowd.test.CrowdTest" time="0.428"/>
  <testcase name="testLog" classname="com.atguigu.crowd.test.CrowdTest" time="0.004"/>
  <testcase name="testTx" classname="com.atguigu.crowd.test.CrowdTest" time="0.168"/>
  <testcase name="testInsertAdmin" classname="com.atguigu.crowd.test.CrowdTest" time="0.094">
    <error message="&#10;### Error updating database.  Cause: com.mysql.jdbc.exceptions.jdbc4.MySQLIntegrityConstraintViolationException: Duplicate entry &apos;tom&apos; for key &apos;login_acct_UNIQUE&apos;&#10;### The error may involve mapper.AdminMapper.insert-Inline&#10;### The error occurred while setting parameters&#10;### SQL: insert into t_admin (id, login_acct, user_pswd,        user_name, email, create_time       )     values (?, ?, ?,        ?, ?, ?       )&#10;### Cause: com.mysql.jdbc.exceptions.jdbc4.MySQLIntegrityConstraintViolationException: Duplicate entry &apos;tom&apos; for key &apos;login_acct_UNIQUE&apos;&#10;; SQL []; Duplicate entry &apos;tom&apos; for key &apos;login_acct_UNIQUE&apos;; nested exception is com.mysql.jdbc.exceptions.jdbc4.MySQLIntegrityConstraintViolationException: Duplicate entry &apos;tom&apos; for key &apos;login_acct_UNIQUE&apos;" type="org.springframework.dao.DuplicateKeyException">org.springframework.dao.DuplicateKeyException: 

### Error updating database.  Cause: com.mysql.jdbc.exceptions.jdbc4.MySQLIntegrityConstraintViolationException: Duplicate entry 'tom' for key 'login_acct_UNIQUE'
### The error may involve mapper.AdminMapper.insert-Inline
### The error occurred while setting parameters
### SQL: insert into t_admin (id, login_acct, user_pswd,        user_name, email, create_time       )     values (?, ?, ?,        ?, ?, ?       )
### Cause: com.mysql.jdbc.exceptions.jdbc4.MySQLIntegrityConstraintViolationException: Duplicate entry 'tom' for key 'login_acct_UNIQUE'
; SQL []; Duplicate entry 'tom' for key 'login_acct_UNIQUE'; nested exception is com.mysql.jdbc.exceptions.jdbc4.MySQLIntegrityConstraintViolationException: Duplicate entry 'tom' for key 'login_acct_UNIQUE'
	at com.atguigu.crowd.test.CrowdTest.testInsertAdmin(CrowdTest.java:60)
Caused by: com.mysql.jdbc.exceptions.jdbc4.MySQLIntegrityConstraintViolationException: Duplicate entry 'tom' for key 'login_acct_UNIQUE'
	at com.atguigu.crowd.test.CrowdTest.testInsertAdmin(CrowdTest.java:60)
</error>
    <system-out><![CDATA[[15:13:24.993] [DEBUG] [main] [org.springframework.test.annotation.ProfileValueUtils]
                [Retrieved @ProfileValueSourceConfiguration [null] for test class [com.atguigu.crowd.test.CrowdTest]]
[15:13:24.993] [DEBUG] [main] [org.springframework.test.annotation.ProfileValueUtils]
                [Retrieved ProfileValueSource type [class org.springframework.test.annotation.SystemProfileValueSource] for class [com.atguigu.crowd.test.CrowdTest]]
[15:13:24.993] [DEBUG] [main] [org.springframework.test.context.support.DependencyInjectionTestExecutionListener]
                [Performing dependency injection for test context [[DefaultTestContext@5cdd8682 testClass = CrowdTest, testInstance = com.atguigu.crowd.test.CrowdTest@299321e2, testMethod = [null], testException = [null], mergedContextConfiguration = [MergedContextConfiguration@d6da883 testClass = CrowdTest, locations = '{classpath:spring-persist-mybatis.xml, classpath:spring-persist-tx.xml}', classes = '{}', contextInitializerClasses = '[]', activeProfiles = '{}', propertySourceLocations = '{}', propertySourceProperties = '{}', contextCustomizers = set[[empty]], contextLoader = 'org.springframework.test.context.support.DelegatingSmartContextLoader', parent = [null]]]].]
[15:13:24.993] [DEBUG] [main] [org.springframework.test.context.cache.DefaultCacheAwareContextLoaderDelegate]
                [Retrieved ApplicationContext from cache with key [[MergedContextConfiguration@d6da883 testClass = CrowdTest, locations = '{classpath:spring-persist-mybatis.xml, classpath:spring-persist-tx.xml}', classes = '{}', contextInitializerClasses = '[]', activeProfiles = '{}', propertySourceLocations = '{}', propertySourceProperties = '{}', contextCustomizers = set[[empty]], contextLoader = 'org.springframework.test.context.support.DelegatingSmartContextLoader', parent = [null]]]]
[15:13:24.993] [DEBUG] [main] [org.springframework.test.context.cache]
                [Spring test ApplicationContext cache statistics: [DefaultContextCache@2f1de2d6 size = 1, maxSize = 32, parentContextCount = 0, hitCount = 3, missCount = 1]]
[15:13:24.994] [DEBUG] [main] [org.springframework.beans.factory.annotation.InjectionMetadata]
                [Processing injected element of bean 'com.atguigu.crowd.test.CrowdTest': AutowiredFieldElement for private mapper.AdminMapper com.atguigu.crowd.test.CrowdTest.adminMapper]
[15:13:24.994] [DEBUG] [main] [org.springframework.beans.factory.support.DefaultListableBeanFactory]
                [Returning cached instance of singleton bean 'adminMapper']
[15:13:24.994] [DEBUG] [main] [org.springframework.beans.factory.annotation.InjectionMetadata]
                [Processing injected element of bean 'com.atguigu.crowd.test.CrowdTest': AutowiredFieldElement for private javax.sql.DataSource com.atguigu.crowd.test.CrowdTest.dataSource]
[15:13:24.994] [DEBUG] [main] [org.springframework.beans.factory.support.DefaultListableBeanFactory]
                [Returning cached instance of singleton bean 'dataSource']
[15:13:24.994] [DEBUG] [main] [org.springframework.beans.factory.annotation.InjectionMetadata]
                [Processing injected element of bean 'com.atguigu.crowd.test.CrowdTest': AutowiredFieldElement for private service.api.AdminService com.atguigu.crowd.test.CrowdTest.adminService]
[15:13:24.994] [DEBUG] [main] [org.springframework.beans.factory.support.DefaultListableBeanFactory]
                [Returning cached instance of singleton bean 'adminServiceImpl']
[15:13:24.994] [DEBUG] [main] [org.springframework.test.context.support.AbstractDirtiesContextTestExecutionListener]
                [Before test method: context [DefaultTestContext@5cdd8682 testClass = CrowdTest, testInstance = com.atguigu.crowd.test.CrowdTest@299321e2, testMethod = testInsertAdmin@CrowdTest, testException = [null], mergedContextConfiguration = [MergedContextConfiguration@d6da883 testClass = CrowdTest, locations = '{classpath:spring-persist-mybatis.xml, classpath:spring-persist-tx.xml}', classes = '{}', contextInitializerClasses = '[]', activeProfiles = '{}', propertySourceLocations = '{}', propertySourceProperties = '{}', contextCustomizers = set[[empty]], contextLoader = 'org.springframework.test.context.support.DelegatingSmartContextLoader', parent = [null]]], class annotated with @DirtiesContext [false] with mode [null], method annotated with @DirtiesContext [false] with mode [null].]
[15:13:24.995] [DEBUG] [main] [org.mybatis.spring.SqlSessionUtils]
                [Creating a new SqlSession]
[15:13:24.995] [DEBUG] [main] [org.mybatis.spring.SqlSessionUtils]
                [SqlSession [org.apache.ibatis.session.defaults.DefaultSqlSession@23fb172e] was not registered for synchronization because synchronization is not active]
[15:13:24.995] [DEBUG] [main] [org.springframework.jdbc.datasource.DataSourceUtils]
                [Fetching JDBC Connection from DataSource]
[15:13:24.995] [DEBUG] [main] [org.mybatis.spring.transaction.SpringManagedTransaction]
                [JDBC Connection [com.mysql.jdbc.JDBC4Connection@663411de] will not be managed by Spring]
[15:13:24.995] [DEBUG] [main] [mapper.AdminMapper.insert]
                [==>  Preparing: insert into t_admin (id, login_acct, user_pswd, user_name, email, create_time ) values (?, ?, ?, ?, ?, ? ) ]
[15:13:24.996] [DEBUG] [main] [mapper.AdminMapper.insert]
                [==> Parameters: null, tom(String), 123(String), 汤姆(String), tom@qq.com(String), null]
[15:13:24.999] [DEBUG] [main] [org.mybatis.spring.SqlSessionUtils]
                [Closing non transactional SqlSession [org.apache.ibatis.session.defaults.DefaultSqlSession@23fb172e]]
[15:13:24.999] [DEBUG] [main] [org.springframework.jdbc.datasource.DataSourceUtils]
                [Returning JDBC Connection to DataSource]
[15:13:25.008] [DEBUG] [main] [org.springframework.core.env.StandardEnvironment]
                [Adding PropertySource 'systemProperties' with lowest search precedence]
[15:13:25.008] [DEBUG] [main] [org.springframework.core.env.StandardEnvironment]
                [Adding PropertySource 'systemEnvironment' with lowest search precedence]
[15:13:25.008] [DEBUG] [main] [org.springframework.core.env.StandardEnvironment]
                [Initialized StandardEnvironment with PropertySources [MapPropertySource@1112456099 {name='systemProperties', properties={idea.version=2020.3.1, java.runtime.name=Java(TM) SE Runtime Environment, sun.boot.library.path=/Library/Java/JavaVirtualMachines/jdk1.8.0_171.jdk/Contents/Home/jre/lib, java.vm.version=25.171-b11, gopherProxySet=false, java.vm.vendor=Oracle Corporation, java.vendor.url=http://java.oracle.com/, path.separator=:, java.vm.name=Java HotSpot(TM) 64-Bit Server VM, file.encoding.pkg=sun.io, user.country=CN, sun.java.launcher=SUN_STANDARD, sun.os.patch.level=unknown, java.vm.specification.name=Java Virtual Machine Specification, user.dir=/Users/zhanghan/IdeaProjects/atcrowdfunding01-admin-parent/atcrowdfunding02-admin-webui, java.runtime.version=1.8.0_171-b11, basedir=/Users/zhanghan/IdeaProjects/atcrowdfunding01-admin-parent/atcrowdfunding02-admin-webui, java.awt.graphicsenv=sun.awt.CGraphicsEnvironment, java.endorsed.dirs=/Library/Java/JavaVirtualMachines/jdk1.8.0_171.jdk/Contents/Home/jre/lib/endorsed, os.arch=x86_64, surefire.real.class.path=/Users/zhanghan/IdeaProjects/atcrowdfunding01-admin-parent/atcrowdfunding02-admin-webui/target/surefire/surefirebooter1120790818032535948.jar, java.io.tmpdir=/var/folders/dl/fmmfgtvs4zs6ygk2gh11ctrr0000gn/T/, line.separator=
, java.vm.specification.vendor=Oracle Corporation, os.name=Mac OS X, sun.jnu.encoding=UTF-8, java.library.path=/Users/zhanghan/Library/Java/Extensions:/Library/Java/Extensions:/Network/Library/Java/Extensions:/System/Library/Java/Extensions:/usr/lib/java:., surefire.test.class.path=/Users/zhanghan/IdeaProjects/atcrowdfunding01-admin-parent/atcrowdfunding02-admin-webui/target/test-classes:/Users/zhanghan/IdeaProjects/atcrowdfunding01-admin-parent/atcrowdfunding02-admin-webui/target/classes:/Users/zhanghan/.m2/repository/com/atguigu/crowd/atcrowdfunding03-admin-component/1.0-SNAPSHOT/atcrowdfunding03-admin-component-1.0-SNAPSHOT.jar:/Users/zhanghan/.m2/repository/com/atguigu/crowd/atcrowdfunding05-common-util/1.0-SNAPSHOT/atcrowdfunding05-common-util-1.0-SNAPSHOT.jar:/Users/zhanghan/.m2/repository/com/atguigu/crowd/atcrowdfunding04-admin-entity/1.0-SNAPSHOT/atcrowdfunding04-admin-entity-1.0-SNAPSHOT.jar:/Users/zhanghan/.m2/repository/org/mybatis/mybatis/3.2.8/mybatis-3.2.8.jar:/Users/zhanghan/.m2/repository/org/springframework/spring-orm/4.3.20.RELEASE/spring-orm-4.3.20.RELEASE.jar:/Users/zhanghan/.m2/repository/org/springframework/spring-jdbc/4.3.20.RELEASE/spring-jdbc-4.3.20.RELEASE.jar:/Users/zhanghan/.m2/repository/org/springframework/spring-tx/4.3.20.RELEASE/spring-tx-4.3.20.RELEASE.jar:/Users/zhanghan/.m2/repository/org/aspectj/aspectjweaver/1.9.2/aspectjweaver-1.9.2.jar:/Users/zhanghan/.m2/repository/cglib/cglib/2.2/cglib-2.2.jar:/Users/zhanghan/.m2/repository/asm/asm/3.1/asm-3.1.jar:/Users/zhanghan/.m2/repository/mysql/mysql-connector-java/5.1.3/mysql-connector-java-5.1.3.jar:/Users/zhanghan/.m2/repository/org/mybatis/mybatis-spring/1.2.2/mybatis-spring-1.2.2.jar:/Users/zhanghan/.m2/repository/com/github/pagehelper/pagehelper/4.0.0/pagehelper-4.0.0.jar:/Users/zhanghan/.m2/repository/com/github/jsqlparser/jsqlparser/0.9.1/jsqlparser-0.9.1.jar:/Users/zhanghan/.m2/repository/org/slf4j/slf4j-api/1.7.7/slf4j-api-1.7.7.jar:/Users/zhanghan/.m2/repository/ch/qos/logback/logback-classic/1.2.3/logback-classic-1.2.3.jar:/Users/zhanghan/.m2/repository/ch/qos/logback/logback-core/1.2.3/logback-core-1.2.3.jar:/Users/zhanghan/.m2/repository/org/slf4j/jcl-over-slf4j/1.7.25/jcl-over-slf4j-1.7.25.jar:/Users/zhanghan/.m2/repository/com/fasterxml/jackson/core/jackson-annotations/2.9.8/jackson-annotations-2.9.8.jar:/Users/zhanghan/.m2/repository/jstl/jstl/1.2/jstl-1.2.jar:/Users/zhanghan/.m2/repository/com/google/code/gson/gson/2.8.5/gson-2.8.5.jar:/Users/zhanghan/.m2/repository/org/springframework/security/spring-security-web/4.2.10.RELEASE/spring-security-web-4.2.10.RELEASE.jar:/Users/zhanghan/.m2/repository/aopalliance/aopalliance/1.0/aopalliance-1.0.jar:/Users/zhanghan/.m2/repository/org/springframework/security/spring-security-core/4.2.10.RELEASE/spring-security-core-4.2.10.RELEASE.jar:/Users/zhanghan/.m2/repository/org/springframework/security/spring-security-config/4.2.10.RELEASE/spring-security-config-4.2.10.RELEASE.jar:/Users/zhanghan/.m2/repository/org/springframework/security/spring-security-taglibs/4.2.10.RELEASE/spring-security-taglibs-4.2.10.RELEASE.jar:/Users/zhanghan/.m2/repository/org/springframework/security/spring-security-acl/4.2.10.RELEASE/spring-security-acl-4.2.10.RELEASE.jar:/Users/zhanghan/.m2/repository/junit/junit/4.12/junit-4.12.jar:/Users/zhanghan/.m2/repository/org/hamcrest/hamcrest-core/1.3/hamcrest-core-1.3.jar:/Users/zhanghan/.m2/repository/com/alibaba/druid/1.0.31/druid-1.0.31.jar:/Library/Java/JavaVirtualMachines/jdk1.8.0_171.jdk/Contents/Home/jre/../lib/jconsole.jar:/Library/Java/JavaVirtualMachines/jdk1.8.0_171.jdk/Contents/Home/jre/../lib/tools.jar:/Users/zhanghan/.m2/repository/org/springframework/spring-test/4.3.20.RELEASE/spring-test-4.3.20.RELEASE.jar:/Users/zhanghan/.m2/repository/org/springframework/spring-core/4.3.20.RELEASE/spring-core-4.3.20.RELEASE.jar:/Users/zhanghan/.m2/repository/javax/servlet/servlet-api/2.5/servlet-api-2.5.jar:/Users/zhanghan/.m2/repository/javax/servlet/jsp/jsp-api/2.1.3-b06/jsp-api-2.1.3-b06.jar:/Users/zhanghan/.m2/repository/org/glassfish/javax.servlet/3.0-b70/javax.servlet-3.0-b70.jar:/Users/zhanghan/.m2/repository/javax/el/el-api/2.1.2-b05/el-api-2.1.2-b05.jar:/Users/zhanghan/.m2/repository/org/webjars/bower/jquery/3.2.1/jquery-3.2.1.jar:/Users/zhanghan/.m2/repository/com/fasterxml/jackson/core/jackson-core/2.9.8/jackson-core-2.9.8.jar:/Users/zhanghan/.m2/repository/com/fasterxml/jackson/core/jackson-databind/2.9.8/jackson-databind-2.9.8.jar:/Users/zhanghan/.m2/repository/org/springframework/spring-webmvc/4.3.20.RELEASE/spring-webmvc-4.3.20.RELEASE.jar:/Users/zhanghan/.m2/repository/org/springframework/spring-aop/4.3.20.RELEASE/spring-aop-4.3.20.RELEASE.jar:/Users/zhanghan/.m2/repository/org/springframework/spring-beans/4.3.20.RELEASE/spring-beans-4.3.20.RELEASE.jar:/Users/zhanghan/.m2/repository/org/springframework/spring-context/4.3.20.RELEASE/spring-context-4.3.20.RELEASE.jar:/Users/zhanghan/.m2/repository/org/springframework/spring-expression/4.3.20.RELEASE/spring-expression-4.3.20.RELEASE.jar:/Users/zhanghan/.m2/repository/org/springframework/spring-web/4.3.20.RELEASE/spring-web-4.3.20.RELEASE.jar:, java.specification.name=Java Platform API Specification, java.class.version=52.0, sun.management.compiler=HotSpot 64-Bit Tiered Compilers, maven.repo.local=/Users/zhanghan/.m2/repository, os.version=10.16, http.nonProxyHosts=local|*.local|169.254/16|*.169.254/16, user.home=/Users/zhanghan, user.timezone=Asia/Shanghai, java.awt.printerjob=sun.lwawt.macosx.CPrinterJob, file.encoding=UTF-8, java.specification.version=1.8, java.class.path=/Users/zhanghan/IdeaProjects/atcrowdfunding01-admin-parent/atcrowdfunding02-admin-webui/target/test-classes:/Users/zhanghan/IdeaProjects/atcrowdfunding01-admin-parent/atcrowdfunding02-admin-webui/target/classes:/Users/zhanghan/.m2/repository/com/atguigu/crowd/atcrowdfunding03-admin-component/1.0-SNAPSHOT/atcrowdfunding03-admin-component-1.0-SNAPSHOT.jar:/Users/zhanghan/.m2/repository/com/atguigu/crowd/atcrowdfunding05-common-util/1.0-SNAPSHOT/atcrowdfunding05-common-util-1.0-SNAPSHOT.jar:/Users/zhanghan/.m2/repository/com/atguigu/crowd/atcrowdfunding04-admin-entity/1.0-SNAPSHOT/atcrowdfunding04-admin-entity-1.0-SNAPSHOT.jar:/Users/zhanghan/.m2/repository/org/mybatis/mybatis/3.2.8/mybatis-3.2.8.jar:/Users/zhanghan/.m2/repository/org/springframework/spring-orm/4.3.20.RELEASE/spring-orm-4.3.20.RELEASE.jar:/Users/zhanghan/.m2/repository/org/springframework/spring-jdbc/4.3.20.RELEASE/spring-jdbc-4.3.20.RELEASE.jar:/Users/zhanghan/.m2/repository/org/springframework/spring-tx/4.3.20.RELEASE/spring-tx-4.3.20.RELEASE.jar:/Users/zhanghan/.m2/repository/org/aspectj/aspectjweaver/1.9.2/aspectjweaver-1.9.2.jar:/Users/zhanghan/.m2/repository/cglib/cglib/2.2/cglib-2.2.jar:/Users/zhanghan/.m2/repository/asm/asm/3.1/asm-3.1.jar:/Users/zhanghan/.m2/repository/mysql/mysql-connector-java/5.1.3/mysql-connector-java-5.1.3.jar:/Users/zhanghan/.m2/repository/org/mybatis/mybatis-spring/1.2.2/mybatis-spring-1.2.2.jar:/Users/zhanghan/.m2/repository/com/github/pagehelper/pagehelper/4.0.0/pagehelper-4.0.0.jar:/Users/zhanghan/.m2/repository/com/github/jsqlparser/jsqlparser/0.9.1/jsqlparser-0.9.1.jar:/Users/zhanghan/.m2/repository/org/slf4j/slf4j-api/1.7.7/slf4j-api-1.7.7.jar:/Users/zhanghan/.m2/repository/ch/qos/logback/logback-classic/1.2.3/logback-classic-1.2.3.jar:/Users/zhanghan/.m2/repository/ch/qos/logback/logback-core/1.2.3/logback-core-1.2.3.jar:/Users/zhanghan/.m2/repository/org/slf4j/jcl-over-slf4j/1.7.25/jcl-over-slf4j-1.7.25.jar:/Users/zhanghan/.m2/repository/com/fasterxml/jackson/core/jackson-annotations/2.9.8/jackson-annotations-2.9.8.jar:/Users/zhanghan/.m2/repository/jstl/jstl/1.2/jstl-1.2.jar:/Users/zhanghan/.m2/repository/com/google/code/gson/gson/2.8.5/gson-2.8.5.jar:/Users/zhanghan/.m2/repository/org/springframework/security/spring-security-web/4.2.10.RELEASE/spring-security-web-4.2.10.RELEASE.jar:/Users/zhanghan/.m2/repository/aopalliance/aopalliance/1.0/aopalliance-1.0.jar:/Users/zhanghan/.m2/repository/org/springframework/security/spring-security-core/4.2.10.RELEASE/spring-security-core-4.2.10.RELEASE.jar:/Users/zhanghan/.m2/repository/org/springframework/security/spring-security-config/4.2.10.RELEASE/spring-security-config-4.2.10.RELEASE.jar:/Users/zhanghan/.m2/repository/org/springframework/security/spring-security-taglibs/4.2.10.RELEASE/spring-security-taglibs-4.2.10.RELEASE.jar:/Users/zhanghan/.m2/repository/org/springframework/security/spring-security-acl/4.2.10.RELEASE/spring-security-acl-4.2.10.RELEASE.jar:/Users/zhanghan/.m2/repository/junit/junit/4.12/junit-4.12.jar:/Users/zhanghan/.m2/repository/org/hamcrest/hamcrest-core/1.3/hamcrest-core-1.3.jar:/Users/zhanghan/.m2/repository/com/alibaba/druid/1.0.31/druid-1.0.31.jar:/Library/Java/JavaVirtualMachines/jdk1.8.0_171.jdk/Contents/Home/jre/../lib/jconsole.jar:/Library/Java/JavaVirtualMachines/jdk1.8.0_171.jdk/Contents/Home/jre/../lib/tools.jar:/Users/zhanghan/.m2/repository/org/springframework/spring-test/4.3.20.RELEASE/spring-test-4.3.20.RELEASE.jar:/Users/zhanghan/.m2/repository/org/springframework/spring-core/4.3.20.RELEASE/spring-core-4.3.20.RELEASE.jar:/Users/zhanghan/.m2/repository/javax/servlet/servlet-api/2.5/servlet-api-2.5.jar:/Users/zhanghan/.m2/repository/javax/servlet/jsp/jsp-api/2.1.3-b06/jsp-api-2.1.3-b06.jar:/Users/zhanghan/.m2/repository/org/glassfish/javax.servlet/3.0-b70/javax.servlet-3.0-b70.jar:/Users/zhanghan/.m2/repository/javax/el/el-api/2.1.2-b05/el-api-2.1.2-b05.jar:/Users/zhanghan/.m2/repository/org/webjars/bower/jquery/3.2.1/jquery-3.2.1.jar:/Users/zhanghan/.m2/repository/com/fasterxml/jackson/core/jackson-core/2.9.8/jackson-core-2.9.8.jar:/Users/zhanghan/.m2/repository/com/fasterxml/jackson/core/jackson-databind/2.9.8/jackson-databind-2.9.8.jar:/Users/zhanghan/.m2/repository/org/springframework/spring-webmvc/4.3.20.RELEASE/spring-webmvc-4.3.20.RELEASE.jar:/Users/zhanghan/.m2/repository/org/springframework/spring-aop/4.3.20.RELEASE/spring-aop-4.3.20.RELEASE.jar:/Users/zhanghan/.m2/repository/org/springframework/spring-beans/4.3.20.RELEASE/spring-beans-4.3.20.RELEASE.jar:/Users/zhanghan/.m2/repository/org/springframework/spring-context/4.3.20.RELEASE/spring-context-4.3.20.RELEASE.jar:/Users/zhanghan/.m2/repository/org/springframework/spring-expression/4.3.20.RELEASE/spring-expression-4.3.20.RELEASE.jar:/Users/zhanghan/.m2/repository/org/springframework/spring-web/4.3.20.RELEASE/spring-web-4.3.20.RELEASE.jar:, user.name=zhanghan, java.vm.specification.version=1.8, sun.java.command=/Users/zhanghan/IdeaProjects/atcrowdfunding01-admin-parent/atcrowdfunding02-admin-webui/target/surefire/surefirebooter1120790818032535948.jar /Users/zhanghan/IdeaProjects/atcrowdfunding01-admin-parent/atcrowdfunding02-admin-webui/target/surefire 2021-01-31T15-13-21_853-jvmRun1 surefire4982999183171918149tmp surefire_01516573351958743950tmp, java.home=/Library/Java/JavaVirtualMachines/jdk1.8.0_171.jdk/Contents/Home/jre, sun.arch.data.model=64, user.language=zh, java.specification.vendor=Oracle Corporation, awt.toolkit=sun.lwawt.macosx.LWCToolkit, java.vm.info=mixed mode, java.version=1.8.0_171, java.ext.dirs=/Users/zhanghan/Library/Java/Extensions:/Library/Java/JavaVirtualMachines/jdk1.8.0_171.jdk/Contents/Home/jre/lib/ext:/Library/Java/Extensions:/Network/Library/Java/Extensions:/System/Library/Java/Extensions:/usr/lib/java, sun.boot.class.path=/Library/Java/JavaVirtualMachines/jdk1.8.0_171.jdk/Contents/Home/jre/lib/resources.jar:/Library/Java/JavaVirtualMachines/jdk1.8.0_171.jdk/Contents/Home/jre/lib/rt.jar:/Library/Java/JavaVirtualMachines/jdk1.8.0_171.jdk/Contents/Home/jre/lib/sunrsasign.jar:/Library/Java/JavaVirtualMachines/jdk1.8.0_171.jdk/Contents/Home/jre/lib/jsse.jar:/Library/Java/JavaVirtualMachines/jdk1.8.0_171.jdk/Contents/Home/jre/lib/jce.jar:/Library/Java/JavaVirtualMachines/jdk1.8.0_171.jdk/Contents/Home/jre/lib/charsets.jar:/Library/Java/JavaVirtualMachines/jdk1.8.0_171.jdk/Contents/Home/jre/lib/jfr.jar:/Library/Java/JavaVirtualMachines/jdk1.8.0_171.jdk/Contents/Home/jre/classes, java.vendor=Oracle Corporation, localRepository=/Users/zhanghan/.m2/repository, file.separator=/, java.vendor.url.bug=http://bugreport.sun.com/bugreport/, sun.io.unicode.encoding=UnicodeBig, sun.cpu.endian=little, socksNonProxyHosts=local|*.local|169.254/16|*.169.254/16, ftp.nonProxyHosts=local|*.local|169.254/16|*.169.254/16, sun.cpu.isalist=}}, SystemEnvironmentPropertySource@923083575 {name='systemEnvironment', properties={__CFBundleIdentifier=com.jetbrains.intellij, PATH=/usr/local/bin:/usr/bin:/bin:/usr/sbin:/sbin, SHELL=/bin/zsh, OLDPWD=/Users/zhanghan/IdeaProjects/atcrowdfunding01-admin-parent/atcrowdfunding02-admin-webui, USER=zhanghan, COMMAND_MODE=unix2003, TMPDIR=/var/folders/dl/fmmfgtvs4zs6ygk2gh11ctrr0000gn/T/, SSH_AUTH_SOCK=/private/tmp/com.apple.launchd.hnedJUbQ3x/Listeners, XPC_FLAGS=0x0, JAVA_MAIN_CLASS_64490=org.codehaus.classworlds.Launcher, JAVA_MAIN_CLASS_64492=org.apache.maven.surefire.booter.ForkedBooter, __CF_USER_TEXT_ENCODING=0x1F5:0x19:0x34, LOGNAME=zhanghan, LC_CTYPE=zh_CN.UTF-8, XPC_SERVICE_NAME=0, PWD=/Users/zhanghan/IdeaProjects/atcrowdfunding01-admin-parent/atcrowdfunding02-admin-webui, HOME=/Users/zhanghan, SHLVL=1, _=/Library/Java/JavaVirtualMachines/jdk1.8.0_171.jdk/Contents/Home/jre/bin/java}}]]
[15:13:25.008] [INFO ] [main] [org.springframework.beans.factory.xml.XmlBeanDefinitionReader]
                [Loading XML bean definitions from class path resource [org/springframework/jdbc/support/sql-error-codes.xml]]
[15:13:25.021] [DEBUG] [main] [org.springframework.beans.factory.xml.DefaultDocumentLoader]
                [Using JAXP provider [com.sun.org.apache.xerces.internal.jaxp.DocumentBuilderFactoryImpl]]
[15:13:25.023] [DEBUG] [main] [org.springframework.beans.factory.xml.BeansDtdResolver]
                [Found beans DTD [http://www.springframework.org/dtd/spring-beans-2.0.dtd] in classpath: spring-beans-2.0.dtd]
[15:13:25.031] [DEBUG] [main] [org.springframework.beans.factory.xml.DefaultBeanDefinitionDocumentReader]
                [Loading bean definitions]
[15:13:25.045] [DEBUG] [main] [org.springframework.beans.factory.support.DefaultListableBeanFactory]
                [Creating shared instance of singleton bean 'DB2']
[15:13:25.045] [DEBUG] [main] [org.springframework.beans.factory.support.DefaultListableBeanFactory]
                [Creating instance of bean 'DB2']
[15:13:25.045] [DEBUG] [main] [org.springframework.beans.factory.support.DefaultListableBeanFactory]
                [Eagerly caching bean 'DB2' to allow for resolving potential circular references]
[15:13:25.051] [DEBUG] [main] [org.springframework.beans.factory.support.DefaultListableBeanFactory]
                [Finished creating instance of bean 'DB2']
[15:13:25.052] [DEBUG] [main] [org.springframework.beans.factory.support.DefaultListableBeanFactory]
                [Creating shared instance of singleton bean 'Derby']
[15:13:25.052] [DEBUG] [main] [org.springframework.beans.factory.support.DefaultListableBeanFactory]
                [Creating instance of bean 'Derby']
[15:13:25.052] [DEBUG] [main] [org.springframework.beans.factory.support.DefaultListableBeanFactory]
                [Eagerly caching bean 'Derby' to allow for resolving potential circular references]
[15:13:25.054] [DEBUG] [main] [org.springframework.beans.factory.support.DefaultListableBeanFactory]
                [Finished creating instance of bean 'Derby']
[15:13:25.054] [DEBUG] [main] [org.springframework.beans.factory.support.DefaultListableBeanFactory]
                [Creating shared instance of singleton bean 'H2']
[15:13:25.054] [DEBUG] [main] [org.springframework.beans.factory.support.DefaultListableBeanFactory]
                [Creating instance of bean 'H2']
[15:13:25.055] [DEBUG] [main] [org.springframework.beans.factory.support.DefaultListableBeanFactory]
                [Eagerly caching bean 'H2' to allow for resolving potential circular references]
[15:13:25.056] [DEBUG] [main] [org.springframework.beans.factory.support.DefaultListableBeanFactory]
                [Finished creating instance of bean 'H2']
[15:13:25.057] [DEBUG] [main] [org.springframework.beans.factory.support.DefaultListableBeanFactory]
                [Creating shared instance of singleton bean 'HDB']
[15:13:25.057] [DEBUG] [main] [org.springframework.beans.factory.support.DefaultListableBeanFactory]
                [Creating instance of bean 'HDB']
[15:13:25.057] [DEBUG] [main] [org.springframework.beans.factory.support.DefaultListableBeanFactory]
                [Eagerly caching bean 'HDB' to allow for resolving potential circular references]
[15:13:25.059] [DEBUG] [main] [org.springframework.beans.factory.support.DefaultListableBeanFactory]
                [Finished creating instance of bean 'HDB']
[15:13:25.059] [DEBUG] [main] [org.springframework.beans.factory.support.DefaultListableBeanFactory]
                [Creating shared instance of singleton bean 'HSQL']
[15:13:25.060] [DEBUG] [main] [org.springframework.beans.factory.support.DefaultListableBeanFactory]
                [Creating instance of bean 'HSQL']
[15:13:25.060] [DEBUG] [main] [org.springframework.beans.factory.support.DefaultListableBeanFactory]
                [Eagerly caching bean 'HSQL' to allow for resolving potential circular references]
[15:13:25.061] [DEBUG] [main] [org.springframework.beans.factory.support.DefaultListableBeanFactory]
                [Finished creating instance of bean 'HSQL']
[15:13:25.061] [DEBUG] [main] [org.springframework.beans.factory.support.DefaultListableBeanFactory]
                [Creating shared instance of singleton bean 'Informix']
[15:13:25.062] [DEBUG] [main] [org.springframework.beans.factory.support.DefaultListableBeanFactory]
                [Creating instance of bean 'Informix']
[15:13:25.062] [DEBUG] [main] [org.springframework.beans.factory.support.DefaultListableBeanFactory]
                [Eagerly caching bean 'Informix' to allow for resolving potential circular references]
[15:13:25.063] [DEBUG] [main] [org.springframework.beans.factory.support.DefaultListableBeanFactory]
                [Finished creating instance of bean 'Informix']
[15:13:25.063] [DEBUG] [main] [org.springframework.beans.factory.support.DefaultListableBeanFactory]
                [Creating shared instance of singleton bean 'MS-SQL']
[15:13:25.063] [DEBUG] [main] [org.springframework.beans.factory.support.DefaultListableBeanFactory]
                [Creating instance of bean 'MS-SQL']
[15:13:25.063] [DEBUG] [main] [org.springframework.beans.factory.support.DefaultListableBeanFactory]
                [Eagerly caching bean 'MS-SQL' to allow for resolving potential circular references]
[15:13:25.067] [DEBUG] [main] [org.springframework.beans.factory.support.DefaultListableBeanFactory]
                [Finished creating instance of bean 'MS-SQL']
[15:13:25.068] [DEBUG] [main] [org.springframework.beans.factory.support.DefaultListableBeanFactory]
                [Creating shared instance of singleton bean 'MySQL']
[15:13:25.068] [DEBUG] [main] [org.springframework.beans.factory.support.DefaultListableBeanFactory]
                [Creating instance of bean 'MySQL']
[15:13:25.068] [DEBUG] [main] [org.springframework.beans.factory.support.DefaultListableBeanFactory]
                [Eagerly caching bean 'MySQL' to allow for resolving potential circular references]
[15:13:25.070] [DEBUG] [main] [org.springframework.beans.factory.support.DefaultListableBeanFactory]
                [Finished creating instance of bean 'MySQL']
[15:13:25.071] [DEBUG] [main] [org.springframework.beans.factory.support.DefaultListableBeanFactory]
                [Creating shared instance of singleton bean 'Oracle']
[15:13:25.071] [DEBUG] [main] [org.springframework.beans.factory.support.DefaultListableBeanFactory]
                [Creating instance of bean 'Oracle']
[15:13:25.071] [DEBUG] [main] [org.springframework.beans.factory.support.DefaultListableBeanFactory]
                [Eagerly caching bean 'Oracle' to allow for resolving potential circular references]
[15:13:25.074] [DEBUG] [main] [org.springframework.beans.factory.support.DefaultListableBeanFactory]
                [Finished creating instance of bean 'Oracle']
[15:13:25.074] [DEBUG] [main] [org.springframework.beans.factory.support.DefaultListableBeanFactory]
                [Creating shared instance of singleton bean 'PostgreSQL']
[15:13:25.074] [DEBUG] [main] [org.springframework.beans.factory.support.DefaultListableBeanFactory]
                [Creating instance of bean 'PostgreSQL']
[15:13:25.074] [DEBUG] [main] [org.springframework.beans.factory.support.DefaultListableBeanFactory]
                [Eagerly caching bean 'PostgreSQL' to allow for resolving potential circular references]
[15:13:25.076] [DEBUG] [main] [org.springframework.beans.factory.support.DefaultListableBeanFactory]
                [Finished creating instance of bean 'PostgreSQL']
[15:13:25.076] [DEBUG] [main] [org.springframework.beans.factory.support.DefaultListableBeanFactory]
                [Creating shared instance of singleton bean 'Sybase']
[15:13:25.076] [DEBUG] [main] [org.springframework.beans.factory.support.DefaultListableBeanFactory]
                [Creating instance of bean 'Sybase']
[15:13:25.077] [DEBUG] [main] [org.springframework.beans.factory.support.DefaultListableBeanFactory]
                [Eagerly caching bean 'Sybase' to allow for resolving potential circular references]
[15:13:25.078] [DEBUG] [main] [org.springframework.beans.factory.support.DefaultListableBeanFactory]
                [Finished creating instance of bean 'Sybase']
[15:13:25.079] [DEBUG] [main] [org.springframework.jdbc.support.SQLErrorCodesFactory]
                [SQLErrorCodes loaded: [DB2, Derby, H2, HDB, HSQL, Informix, MS-SQL, MySQL, Oracle, PostgreSQL, Sybase]]
[15:13:25.079] [DEBUG] [main] [org.springframework.jdbc.support.SQLErrorCodesFactory]
                [Looking up default SQLErrorCodes for DataSource [com.alibaba.druid.pool.DruidDataSource@39fcbef6]]
[15:13:25.084] [DEBUG] [main] [org.springframework.jdbc.datasource.DataSourceUtils]
                [Fetching JDBC Connection from DataSource]
[15:13:25.085] [DEBUG] [main] [org.springframework.jdbc.datasource.DataSourceUtils]
                [Returning JDBC Connection to DataSource]
[15:13:25.086] [DEBUG] [main] [org.springframework.jdbc.support.SQLErrorCodesFactory]
                [SQL error codes for 'MySQL' found]
[15:13:25.087] [DEBUG] [main] [org.springframework.jdbc.support.SQLErrorCodesFactory]
                [Caching SQL error codes for DataSource [com.alibaba.druid.pool.DruidDataSource@39fcbef6]: database product name is 'MySQL']
[15:13:25.087] [DEBUG] [main] [org.springframework.jdbc.support.SQLErrorCodeSQLExceptionTranslator]
                [Translating SQLException with SQL state '23000', error code '1062', message [Duplicate entry 'tom' for key 'login_acct_UNIQUE']; SQL was [] for task [
### Error updating database.  Cause: com.mysql.jdbc.exceptions.jdbc4.MySQLIntegrityConstraintViolationException: Duplicate entry 'tom' for key 'login_acct_UNIQUE'
### The error may involve mapper.AdminMapper.insert-Inline
### The error occurred while setting parameters
### SQL: insert into t_admin (id, login_acct, user_pswd,        user_name, email, create_time       )     values (?, ?, ?,        ?, ?, ?       )
### Cause: com.mysql.jdbc.exceptions.jdbc4.MySQLIntegrityConstraintViolationException: Duplicate entry 'tom' for key 'login_acct_UNIQUE'
]]
[15:13:25.089] [DEBUG] [main] [org.springframework.test.context.support.AbstractDirtiesContextTestExecutionListener]
                [After test method: context [DefaultTestContext@5cdd8682 testClass = CrowdTest, testInstance = com.atguigu.crowd.test.CrowdTest@299321e2, testMethod = testInsertAdmin@CrowdTest, testException = org.springframework.dao.DuplicateKeyException: 
### Error updating database.  Cause: com.mysql.jdbc.exceptions.jdbc4.MySQLIntegrityConstraintViolationException: Duplicate entry 'tom' for key 'login_acct_UNIQUE'
### The error may involve mapper.AdminMapper.insert-Inline
### The error occurred while setting parameters
### SQL: insert into t_admin (id, login_acct, user_pswd,        user_name, email, create_time       )     values (?, ?, ?,        ?, ?, ?       )
### Cause: com.mysql.jdbc.exceptions.jdbc4.MySQLIntegrityConstraintViolationException: Duplicate entry 'tom' for key 'login_acct_UNIQUE'
; SQL []; Duplicate entry 'tom' for key 'login_acct_UNIQUE'; nested exception is com.mysql.jdbc.exceptions.jdbc4.MySQLIntegrityConstraintViolationException: Duplicate entry 'tom' for key 'login_acct_UNIQUE', mergedContextConfiguration = [MergedContextConfiguration@d6da883 testClass = CrowdTest, locations = '{classpath:spring-persist-mybatis.xml, classpath:spring-persist-tx.xml}', classes = '{}', contextInitializerClasses = '[]', activeProfiles = '{}', propertySourceLocations = '{}', propertySourceProperties = '{}', contextCustomizers = set[[empty]], contextLoader = 'org.springframework.test.context.support.DelegatingSmartContextLoader', parent = [null]]], class annotated with @DirtiesContext [false] with mode [null], method annotated with @DirtiesContext [false] with mode [null].]
]]></system-out>
  </testcase>
  <testcase name="test" classname="com.atguigu.crowd.test.CrowdTest" time="0.032">
    <error message="&#10;### Error updating database.  Cause: com.mysql.jdbc.exceptions.jdbc4.MySQLIntegrityConstraintViolationException: Duplicate entry &apos;loginAcct0&apos; for key &apos;login_acct_UNIQUE&apos;&#10;### The error may involve mapper.AdminMapper.insert-Inline&#10;### The error occurred while setting parameters&#10;### SQL: insert into t_admin (id, login_acct, user_pswd,        user_name, email, create_time       )     values (?, ?, ?,        ?, ?, ?       )&#10;### Cause: com.mysql.jdbc.exceptions.jdbc4.MySQLIntegrityConstraintViolationException: Duplicate entry &apos;loginAcct0&apos; for key &apos;login_acct_UNIQUE&apos;&#10;; SQL []; Duplicate entry &apos;loginAcct0&apos; for key &apos;login_acct_UNIQUE&apos;; nested exception is com.mysql.jdbc.exceptions.jdbc4.MySQLIntegrityConstraintViolationException: Duplicate entry &apos;loginAcct0&apos; for key &apos;login_acct_UNIQUE&apos;" type="org.springframework.dao.DuplicateKeyException">org.springframework.dao.DuplicateKeyException: 

### Error updating database.  Cause: com.mysql.jdbc.exceptions.jdbc4.MySQLIntegrityConstraintViolationException: Duplicate entry 'loginAcct0' for key 'login_acct_UNIQUE'
### The error may involve mapper.AdminMapper.insert-Inline
### The error occurred while setting parameters
### SQL: insert into t_admin (id, login_acct, user_pswd,        user_name, email, create_time       )     values (?, ?, ?,        ?, ?, ?       )
### Cause: com.mysql.jdbc.exceptions.jdbc4.MySQLIntegrityConstraintViolationException: Duplicate entry 'loginAcct0' for key 'login_acct_UNIQUE'
; SQL []; Duplicate entry 'loginAcct0' for key 'login_acct_UNIQUE'; nested exception is com.mysql.jdbc.exceptions.jdbc4.MySQLIntegrityConstraintViolationException: Duplicate entry 'loginAcct0' for key 'login_acct_UNIQUE'
	at com.atguigu.crowd.test.CrowdTest.test(CrowdTest.java:34)
Caused by: com.mysql.jdbc.exceptions.jdbc4.MySQLIntegrityConstraintViolationException: Duplicate entry 'loginAcct0' for key 'login_acct_UNIQUE'
	at com.atguigu.crowd.test.CrowdTest.test(CrowdTest.java:34)
</error>
    <system-out><![CDATA[[15:13:25.097] [DEBUG] [main] [org.springframework.test.annotation.ProfileValueUtils]
                [Retrieved @ProfileValueSourceConfiguration [null] for test class [com.atguigu.crowd.test.CrowdTest]]
[15:13:25.097] [DEBUG] [main] [org.springframework.test.annotation.ProfileValueUtils]
                [Retrieved ProfileValueSource type [class org.springframework.test.annotation.SystemProfileValueSource] for class [com.atguigu.crowd.test.CrowdTest]]
[15:13:25.097] [DEBUG] [main] [org.springframework.test.context.support.DependencyInjectionTestExecutionListener]
                [Performing dependency injection for test context [[DefaultTestContext@5cdd8682 testClass = CrowdTest, testInstance = com.atguigu.crowd.test.CrowdTest@4bff64c2, testMethod = [null], testException = [null], mergedContextConfiguration = [MergedContextConfiguration@d6da883 testClass = CrowdTest, locations = '{classpath:spring-persist-mybatis.xml, classpath:spring-persist-tx.xml}', classes = '{}', contextInitializerClasses = '[]', activeProfiles = '{}', propertySourceLocations = '{}', propertySourceProperties = '{}', contextCustomizers = set[[empty]], contextLoader = 'org.springframework.test.context.support.DelegatingSmartContextLoader', parent = [null]]]].]
[15:13:25.097] [DEBUG] [main] [org.springframework.test.context.cache.DefaultCacheAwareContextLoaderDelegate]
                [Retrieved ApplicationContext from cache with key [[MergedContextConfiguration@d6da883 testClass = CrowdTest, locations = '{classpath:spring-persist-mybatis.xml, classpath:spring-persist-tx.xml}', classes = '{}', contextInitializerClasses = '[]', activeProfiles = '{}', propertySourceLocations = '{}', propertySourceProperties = '{}', contextCustomizers = set[[empty]], contextLoader = 'org.springframework.test.context.support.DelegatingSmartContextLoader', parent = [null]]]]
[15:13:25.100] [DEBUG] [main] [org.springframework.test.context.cache]
                [Spring test ApplicationContext cache statistics: [DefaultContextCache@2f1de2d6 size = 1, maxSize = 32, parentContextCount = 0, hitCount = 4, missCount = 1]]
[15:13:25.104] [DEBUG] [main] [org.springframework.beans.factory.annotation.InjectionMetadata]
                [Processing injected element of bean 'com.atguigu.crowd.test.CrowdTest': AutowiredFieldElement for private mapper.AdminMapper com.atguigu.crowd.test.CrowdTest.adminMapper]
[15:13:25.104] [DEBUG] [main] [org.springframework.beans.factory.support.DefaultListableBeanFactory]
                [Returning cached instance of singleton bean 'adminMapper']
[15:13:25.105] [DEBUG] [main] [org.springframework.beans.factory.annotation.InjectionMetadata]
                [Processing injected element of bean 'com.atguigu.crowd.test.CrowdTest': AutowiredFieldElement for private javax.sql.DataSource com.atguigu.crowd.test.CrowdTest.dataSource]
[15:13:25.105] [DEBUG] [main] [org.springframework.beans.factory.support.DefaultListableBeanFactory]
                [Returning cached instance of singleton bean 'dataSource']
[15:13:25.106] [DEBUG] [main] [org.springframework.beans.factory.annotation.InjectionMetadata]
                [Processing injected element of bean 'com.atguigu.crowd.test.CrowdTest': AutowiredFieldElement for private service.api.AdminService com.atguigu.crowd.test.CrowdTest.adminService]
[15:13:25.106] [DEBUG] [main] [org.springframework.beans.factory.support.DefaultListableBeanFactory]
                [Returning cached instance of singleton bean 'adminServiceImpl']
[15:13:25.107] [DEBUG] [main] [org.springframework.test.context.support.AbstractDirtiesContextTestExecutionListener]
                [Before test method: context [DefaultTestContext@5cdd8682 testClass = CrowdTest, testInstance = com.atguigu.crowd.test.CrowdTest@4bff64c2, testMethod = test@CrowdTest, testException = [null], mergedContextConfiguration = [MergedContextConfiguration@d6da883 testClass = CrowdTest, locations = '{classpath:spring-persist-mybatis.xml, classpath:spring-persist-tx.xml}', classes = '{}', contextInitializerClasses = '[]', activeProfiles = '{}', propertySourceLocations = '{}', propertySourceProperties = '{}', contextCustomizers = set[[empty]], contextLoader = 'org.springframework.test.context.support.DelegatingSmartContextLoader', parent = [null]]], class annotated with @DirtiesContext [false] with mode [null], method annotated with @DirtiesContext [false] with mode [null].]
[15:13:25.108] [DEBUG] [main] [org.mybatis.spring.SqlSessionUtils]
                [Creating a new SqlSession]
[15:13:25.109] [DEBUG] [main] [org.mybatis.spring.SqlSessionUtils]
                [SqlSession [org.apache.ibatis.session.defaults.DefaultSqlSession@1b2c4efb] was not registered for synchronization because synchronization is not active]
[15:13:25.110] [DEBUG] [main] [org.springframework.jdbc.datasource.DataSourceUtils]
                [Fetching JDBC Connection from DataSource]
[15:13:25.110] [DEBUG] [main] [org.mybatis.spring.transaction.SpringManagedTransaction]
                [JDBC Connection [com.mysql.jdbc.JDBC4Connection@663411de] will not be managed by Spring]
[15:13:25.110] [DEBUG] [main] [mapper.AdminMapper.insert]
                [==>  Preparing: insert into t_admin (id, login_acct, user_pswd, user_name, email, create_time ) values (?, ?, ?, ?, ?, ? ) ]
[15:13:25.113] [DEBUG] [main] [mapper.AdminMapper.insert]
                [==> Parameters: null, loginAcct0(String), userPswd0(String), userName0(String), email0(String), null]
[15:13:25.131] [DEBUG] [main] [org.mybatis.spring.SqlSessionUtils]
                [Closing non transactional SqlSession [org.apache.ibatis.session.defaults.DefaultSqlSession@1b2c4efb]]
[15:13:25.131] [DEBUG] [main] [org.springframework.jdbc.datasource.DataSourceUtils]
                [Returning JDBC Connection to DataSource]
[15:13:25.131] [DEBUG] [main] [org.springframework.jdbc.support.SQLErrorCodeSQLExceptionTranslator]
                [Translating SQLException with SQL state '23000', error code '1062', message [Duplicate entry 'loginAcct0' for key 'login_acct_UNIQUE']; SQL was [] for task [
### Error updating database.  Cause: com.mysql.jdbc.exceptions.jdbc4.MySQLIntegrityConstraintViolationException: Duplicate entry 'loginAcct0' for key 'login_acct_UNIQUE'
### The error may involve mapper.AdminMapper.insert-Inline
### The error occurred while setting parameters
### SQL: insert into t_admin (id, login_acct, user_pswd,        user_name, email, create_time       )     values (?, ?, ?,        ?, ?, ?       )
### Cause: com.mysql.jdbc.exceptions.jdbc4.MySQLIntegrityConstraintViolationException: Duplicate entry 'loginAcct0' for key 'login_acct_UNIQUE'
]]
[15:13:25.132] [DEBUG] [main] [org.springframework.test.context.support.AbstractDirtiesContextTestExecutionListener]
                [After test method: context [DefaultTestContext@5cdd8682 testClass = CrowdTest, testInstance = com.atguigu.crowd.test.CrowdTest@4bff64c2, testMethod = test@CrowdTest, testException = org.springframework.dao.DuplicateKeyException: 
### Error updating database.  Cause: com.mysql.jdbc.exceptions.jdbc4.MySQLIntegrityConstraintViolationException: Duplicate entry 'loginAcct0' for key 'login_acct_UNIQUE'
### The error may involve mapper.AdminMapper.insert-Inline
### The error occurred while setting parameters
### SQL: insert into t_admin (id, login_acct, user_pswd,        user_name, email, create_time       )     values (?, ?, ?,        ?, ?, ?       )
### Cause: com.mysql.jdbc.exceptions.jdbc4.MySQLIntegrityConstraintViolationException: Duplicate entry 'loginAcct0' for key 'login_acct_UNIQUE'
; SQL []; Duplicate entry 'loginAcct0' for key 'login_acct_UNIQUE'; nested exception is com.mysql.jdbc.exceptions.jdbc4.MySQLIntegrityConstraintViolationException: Duplicate entry 'loginAcct0' for key 'login_acct_UNIQUE', mergedContextConfiguration = [MergedContextConfiguration@d6da883 testClass = CrowdTest, locations = '{classpath:spring-persist-mybatis.xml, classpath:spring-persist-tx.xml}', classes = '{}', contextInitializerClasses = '[]', activeProfiles = '{}', propertySourceLocations = '{}', propertySourceProperties = '{}', contextCustomizers = set[[empty]], contextLoader = 'org.springframework.test.context.support.DelegatingSmartContextLoader', parent = [null]]], class annotated with @DirtiesContext [false] with mode [null], method annotated with @DirtiesContext [false] with mode [null].]
]]></system-out>
  </testcase>
</testsuite>