<?xml version="1.0" encoding="UTF-8"?>
<testsuite xmlns:xsi="http://www.w3.org/2001/XMLSchema-instance" xsi:noNamespaceSchemaLocation="https://maven.apache.org/surefire/maven-surefire-plugin/xsd/surefire-test-report.xsd" name="com.atguigu.crowd.test.CrowdTest" time="1.222" tests="1" errors="1" skipped="0" failures="0">
  <properties>
[...]
</properties>
  <testcase name="testConnection" classname="com.atguigu.crowd.test.CrowdTest" time="0.002">
    <error message="Failed to load ApplicationContext" type="java.lang.IllegalStateException">java.lang.IllegalStateException: Failed to load ApplicationContext
Caused by: org.springframework.beans.factory.BeanCreationException: Error creating bean with name 'sqlSessionFactoryBean' defined in class path resource [spring-persist-mybatis.xml]: Invocation of init method failed; nested exception is org.springframework.core.NestedIOException: Failed to parse mapping resource: 'file [/Users/zhanghan/IdeaProjects/atcrowdfunding01-admin-parent/atcrowdfunding02-admin-webui/target/classes/mybatis/mapper/AdminMapper.xml]'; nested exception is org.apache.ibatis.builder.BuilderException: Error parsing Mapper XML. Cause: org.apache.ibatis.builder.BuilderException: Error resolving class. Cause: org.apache.ibatis.type.TypeException: Could not resolve type alias 'com.atguigu.crowd.com.atguigu.crowd.entity.Admin'.  Cause: java.lang.ClassNotFoundException: Cannot find class: com.atguigu.crowd.com.atguigu.crowd.entity.Admin
Caused by: org.springframework.core.NestedIOException: Failed to parse mapping resource: 'file [/Users/zhanghan/IdeaProjects/atcrowdfunding01-admin-parent/atcrowdfunding02-admin-webui/target/classes/mybatis/mapper/AdminMapper.xml]'; nested exception is org.apache.ibatis.builder.BuilderException: Error parsing Mapper XML. Cause: org.apache.ibatis.builder.BuilderException: Error resolving class. Cause: org.apache.ibatis.type.TypeException: Could not resolve type alias 'com.atguigu.crowd.com.atguigu.crowd.entity.Admin'.  Cause: java.lang.ClassNotFoundException: Cannot find class: com.atguigu.crowd.com.atguigu.crowd.entity.Admin
Caused by: org.apache.ibatis.builder.BuilderException: Error parsing Mapper XML. Cause: org.apache.ibatis.builder.BuilderException: Error resolving class. Cause: org.apache.ibatis.type.TypeException: Could not resolve type alias 'com.atguigu.crowd.com.atguigu.crowd.entity.Admin'.  Cause: java.lang.ClassNotFoundException: Cannot find class: com.atguigu.crowd.com.atguigu.crowd.entity.Admin
Caused by: org.apache.ibatis.builder.BuilderException: Error resolving class. Cause: org.apache.ibatis.type.TypeException: Could not resolve type alias 'com.atguigu.crowd.com.atguigu.crowd.entity.Admin'.  Cause: java.lang.ClassNotFoundException: Cannot find class: com.atguigu.crowd.com.atguigu.crowd.entity.Admin
Caused by: org.apache.ibatis.type.TypeException: Could not resolve type alias 'com.atguigu.crowd.com.atguigu.crowd.entity.Admin'.  Cause: java.lang.ClassNotFoundException: Cannot find class: com.atguigu.crowd.com.atguigu.crowd.entity.Admin
Caused by: java.lang.ClassNotFoundException: Cannot find class: com.atguigu.crowd.com.atguigu.crowd.entity.Admin
</error>
    <system-out><![CDATA[02:09:18.718 [main] DEBUG org.springframework.test.context.junit4.SpringJUnit4ClassRunner - SpringJUnit4ClassRunner constructor called with [class com.atguigu.crowd.test.CrowdTest]
02:09:18.726 [main] DEBUG org.springframework.test.context.BootstrapUtils - Instantiating CacheAwareContextLoaderDelegate from class [org.springframework.test.context.cache.DefaultCacheAwareContextLoaderDelegate]
02:09:18.733 [main] DEBUG org.springframework.test.context.BootstrapUtils - Instantiating BootstrapContext using constructor [public org.springframework.test.context.support.DefaultBootstrapContext(java.lang.Class,org.springframework.test.context.CacheAwareContextLoaderDelegate)]
02:09:18.744 [main] DEBUG org.springframework.test.context.BootstrapUtils - Instantiating TestContextBootstrapper for test class [com.atguigu.crowd.test.CrowdTest] from class [org.springframework.test.context.support.DefaultTestContextBootstrapper]
02:09:18.770 [main] DEBUG org.springframework.test.context.support.AbstractDelegatingSmartContextLoader - Delegating to GenericXmlContextLoader to process context configuration [ContextConfigurationAttributes@14bf9759 declaringClass = 'com.atguigu.crowd.test.CrowdTest', classes = '{}', locations = '{classpath:spring-persist-mybatis.xml}', inheritLocations = true, initializers = '{}', inheritInitializers = true, name = [null], contextLoaderClass = 'org.springframework.test.context.ContextLoader'].
02:09:18.787 [main] DEBUG org.springframework.test.context.support.ActiveProfilesUtils - Could not find an 'annotation declaring class' for annotation type [org.springframework.test.context.ActiveProfiles] and class [com.atguigu.crowd.test.CrowdTest]
02:09:18.788 [main] DEBUG org.springframework.test.context.support.DefaultTestContextBootstrapper - @TestExecutionListeners is not present for class [com.atguigu.crowd.test.CrowdTest]: using defaults.
02:09:18.789 [main] INFO org.springframework.test.context.support.DefaultTestContextBootstrapper - Loaded default TestExecutionListener class names from location [META-INF/spring.factories]: [org.springframework.test.context.web.ServletTestExecutionListener, org.springframework.test.context.support.DirtiesContextBeforeModesTestExecutionListener, org.springframework.test.context.support.DependencyInjectionTestExecutionListener, org.springframework.test.context.support.DirtiesContextTestExecutionListener, org.springframework.test.context.transaction.TransactionalTestExecutionListener, org.springframework.test.context.jdbc.SqlScriptsTestExecutionListener]
02:09:18.808 [main] INFO org.springframework.test.context.support.DefaultTestContextBootstrapper - Using TestExecutionListeners: [org.springframework.test.context.web.ServletTestExecutionListener@22a67b4, org.springframework.test.context.support.DirtiesContextBeforeModesTestExecutionListener@57855c9a, org.springframework.test.context.support.DependencyInjectionTestExecutionListener@3b084709, org.springframework.test.context.support.DirtiesContextTestExecutionListener@3224f60b, org.springframework.test.context.transaction.TransactionalTestExecutionListener@63e2203c, org.springframework.test.context.jdbc.SqlScriptsTestExecutionListener@1efed156]
02:09:18.810 [main] DEBUG org.springframework.test.annotation.ProfileValueUtils - Retrieved @ProfileValueSourceConfiguration [null] for test class [com.atguigu.crowd.test.CrowdTest]
02:09:18.810 [main] DEBUG org.springframework.test.annotation.ProfileValueUtils - Retrieved ProfileValueSource type [class org.springframework.test.annotation.SystemProfileValueSource] for class [com.atguigu.crowd.test.CrowdTest]
02:09:18.812 [main] DEBUG org.springframework.test.annotation.ProfileValueUtils - Retrieved @ProfileValueSourceConfiguration [null] for test class [com.atguigu.crowd.test.CrowdTest]
02:09:18.812 [main] DEBUG org.springframework.test.annotation.ProfileValueUtils - Retrieved ProfileValueSource type [class org.springframework.test.annotation.SystemProfileValueSource] for class [com.atguigu.crowd.test.CrowdTest]
02:09:18.813 [main] DEBUG org.springframework.test.annotation.ProfileValueUtils - Retrieved @ProfileValueSourceConfiguration [null] for test class [com.atguigu.crowd.test.CrowdTest]
02:09:18.813 [main] DEBUG org.springframework.test.annotation.ProfileValueUtils - Retrieved ProfileValueSource type [class org.springframework.test.annotation.SystemProfileValueSource] for class [com.atguigu.crowd.test.CrowdTest]
02:09:18.815 [main] DEBUG org.springframework.test.context.support.AbstractDirtiesContextTestExecutionListener - Before test class: context [DefaultTestContext@131276c2 testClass = CrowdTest, testInstance = [null], testMethod = [null], testException = [null], mergedContextConfiguration = [MergedContextConfiguration@26aa12dd testClass = CrowdTest, locations = '{classpath:spring-persist-mybatis.xml}', classes = '{}', contextInitializerClasses = '[]', activeProfiles = '{}', propertySourceLocations = '{}', propertySourceProperties = '{}', contextCustomizers = set[[empty]], contextLoader = 'org.springframework.test.context.support.DelegatingSmartContextLoader', parent = [null]]], class annotated with @DirtiesContext [false] with mode [null].
02:09:18.816 [main] DEBUG org.springframework.test.annotation.ProfileValueUtils - Retrieved @ProfileValueSourceConfiguration [null] for test class [com.atguigu.crowd.test.CrowdTest]
02:09:18.816 [main] DEBUG org.springframework.test.annotation.ProfileValueUtils - Retrieved ProfileValueSource type [class org.springframework.test.annotation.SystemProfileValueSource] for class [com.atguigu.crowd.test.CrowdTest]
02:09:18.817 [main] DEBUG org.springframework.test.context.support.DependencyInjectionTestExecutionListener - Performing dependency injection for test context [[DefaultTestContext@131276c2 testClass = CrowdTest, testInstance = com.atguigu.crowd.test.CrowdTest@6895a785, testMethod = [null], testException = [null], mergedContextConfiguration = [MergedContextConfiguration@26aa12dd testClass = CrowdTest, locations = '{classpath:spring-persist-mybatis.xml}', classes = '{}', contextInitializerClasses = '[]', activeProfiles = '{}', propertySourceLocations = '{}', propertySourceProperties = '{}', contextCustomizers = set[[empty]], contextLoader = 'org.springframework.test.context.support.DelegatingSmartContextLoader', parent = [null]]]].
02:09:18.818 [main] DEBUG org.springframework.test.context.support.AbstractDelegatingSmartContextLoader - Delegating to GenericXmlContextLoader to load context from [MergedContextConfiguration@26aa12dd testClass = CrowdTest, locations = '{classpath:spring-persist-mybatis.xml}', classes = '{}', contextInitializerClasses = '[]', activeProfiles = '{}', propertySourceLocations = '{}', propertySourceProperties = '{}', contextCustomizers = set[[empty]], contextLoader = 'org.springframework.test.context.support.DelegatingSmartContextLoader', parent = [null]].
02:09:18.818 [main] DEBUG org.springframework.test.context.support.AbstractGenericContextLoader - Loading ApplicationContext for merged context configuration [[MergedContextConfiguration@26aa12dd testClass = CrowdTest, locations = '{classpath:spring-persist-mybatis.xml}', classes = '{}', contextInitializerClasses = '[]', activeProfiles = '{}', propertySourceLocations = '{}', propertySourceProperties = '{}', contextCustomizers = set[[empty]], contextLoader = 'org.springframework.test.context.support.DelegatingSmartContextLoader', parent = [null]]].
02:09:18.886 [main] DEBUG org.springframework.core.env.StandardEnvironment - Adding PropertySource 'systemProperties' with lowest search precedence
02:09:18.886 [main] DEBUG org.springframework.core.env.StandardEnvironment - Adding PropertySource 'systemEnvironment' with lowest search precedence
02:09:18.887 [main] DEBUG org.springframework.core.env.StandardEnvironment - Initialized StandardEnvironment with PropertySources [MapPropertySource@1858609436 {name='systemProperties', properties={idea.version=2020.3.1, java.runtime.name=Java(TM) SE Runtime Environment, sun.boot.library.path=/Library/Java/JavaVirtualMachines/jdk1.8.0_171.jdk/Contents/Home/jre/lib, java.vm.version=25.171-b11, gopherProxySet=false, java.vm.vendor=Oracle Corporation, java.vendor.url=http://java.oracle.com/, path.separator=:, java.vm.name=Java HotSpot(TM) 64-Bit Server VM, file.encoding.pkg=sun.io, user.country=CN, sun.java.launcher=SUN_STANDARD, sun.os.patch.level=unknown, java.vm.specification.name=Java Virtual Machine Specification, user.dir=/Users/zhanghan/IdeaProjects/atcrowdfunding01-admin-parent/atcrowdfunding02-admin-webui, java.runtime.version=1.8.0_171-b11, basedir=/Users/zhanghan/IdeaProjects/atcrowdfunding01-admin-parent/atcrowdfunding02-admin-webui, java.awt.graphicsenv=sun.awt.CGraphicsEnvironment, java.endorsed.dirs=/Library/Java/JavaVirtualMachines/jdk1.8.0_171.jdk/Contents/Home/jre/lib/endorsed, os.arch=x86_64, surefire.real.class.path=/Users/zhanghan/IdeaProjects/atcrowdfunding01-admin-parent/atcrowdfunding02-admin-webui/target/surefire/surefirebooter8298593034079850028.jar, java.io.tmpdir=/var/folders/dl/fmmfgtvs4zs6ygk2gh11ctrr0000gn/T/, line.separator=
, java.vm.specification.vendor=Oracle Corporation, os.name=Mac OS X, sun.jnu.encoding=UTF-8, java.library.path=/Users/zhanghan/Library/Java/Extensions:/Library/Java/Extensions:/Network/Library/Java/Extensions:/System/Library/Java/Extensions:/usr/lib/java:., surefire.test.class.path=/Users/zhanghan/IdeaProjects/atcrowdfunding01-admin-parent/atcrowdfunding02-admin-webui/target/test-classes:/Users/zhanghan/IdeaProjects/atcrowdfunding01-admin-parent/atcrowdfunding02-admin-webui/target/classes:/Users/zhanghan/.m2/repository/com/atguigu/crowd/atcrowdfunding03-admin-component/1.0-SNAPSHOT/atcrowdfunding03-admin-component-1.0-SNAPSHOT.jar:/Users/zhanghan/.m2/repository/com/atguigu/crowd/atcrowdfunding05-common-util/1.0-SNAPSHOT/atcrowdfunding05-common-util-1.0-SNAPSHOT.jar:/Users/zhanghan/.m2/repository/com/atguigu/crowd/atcrowdfunding04-admin-entity/1.0-SNAPSHOT/atcrowdfunding04-admin-entity-1.0-SNAPSHOT.jar:/Users/zhanghan/.m2/repository/org/mybatis/mybatis/3.2.8/mybatis-3.2.8.jar:/Users/zhanghan/.m2/repository/org/springframework/spring-orm/4.3.20.RELEASE/spring-orm-4.3.20.RELEASE.jar:/Users/zhanghan/.m2/repository/org/springframework/spring-jdbc/4.3.20.RELEASE/spring-jdbc-4.3.20.RELEASE.jar:/Users/zhanghan/.m2/repository/org/springframework/spring-tx/4.3.20.RELEASE/spring-tx-4.3.20.RELEASE.jar:/Users/zhanghan/.m2/repository/org/aspectj/aspectjweaver/1.9.2/aspectjweaver-1.9.2.jar:/Users/zhanghan/.m2/repository/cglib/cglib/2.2/cglib-2.2.jar:/Users/zhanghan/.m2/repository/asm/asm/3.1/asm-3.1.jar:/Users/zhanghan/.m2/repository/mysql/mysql-connector-java/5.1.3/mysql-connector-java-5.1.3.jar:/Users/zhanghan/.m2/repository/org/mybatis/mybatis-spring/1.2.2/mybatis-spring-1.2.2.jar:/Users/zhanghan/.m2/repository/com/github/pagehelper/pagehelper/4.0.0/pagehelper-4.0.0.jar:/Users/zhanghan/.m2/repository/com/github/jsqlparser/jsqlparser/0.9.1/jsqlparser-0.9.1.jar:/Users/zhanghan/.m2/repository/org/slf4j/slf4j-api/1.7.7/slf4j-api-1.7.7.jar:/Users/zhanghan/.m2/repository/ch/qos/logback/logback-classic/1.2.3/logback-classic-1.2.3.jar:/Users/zhanghan/.m2/repository/ch/qos/logback/logback-core/1.2.3/logback-core-1.2.3.jar:/Users/zhanghan/.m2/repository/org/slf4j/jcl-over-slf4j/1.7.25/jcl-over-slf4j-1.7.25.jar:/Users/zhanghan/.m2/repository/com/fasterxml/jackson/core/jackson-annotations/2.9.8/jackson-annotations-2.9.8.jar:/Users/zhanghan/.m2/repository/jstl/jstl/1.2/jstl-1.2.jar:/Users/zhanghan/.m2/repository/com/google/code/gson/gson/2.8.5/gson-2.8.5.jar:/Users/zhanghan/.m2/repository/org/springframework/security/spring-security-web/4.2.10.RELEASE/spring-security-web-4.2.10.RELEASE.jar:/Users/zhanghan/.m2/repository/aopalliance/aopalliance/1.0/aopalliance-1.0.jar:/Users/zhanghan/.m2/repository/org/springframework/security/spring-security-core/4.2.10.RELEASE/spring-security-core-4.2.10.RELEASE.jar:/Users/zhanghan/.m2/repository/org/springframework/security/spring-security-config/4.2.10.RELEASE/spring-security-config-4.2.10.RELEASE.jar:/Users/zhanghan/.m2/repository/org/springframework/security/spring-security-taglibs/4.2.10.RELEASE/spring-security-taglibs-4.2.10.RELEASE.jar:/Users/zhanghan/.m2/repository/org/springframework/security/spring-security-acl/4.2.10.RELEASE/spring-security-acl-4.2.10.RELEASE.jar:/Users/zhanghan/.m2/repository/junit/junit/4.12/junit-4.12.jar:/Users/zhanghan/.m2/repository/org/hamcrest/hamcrest-core/1.3/hamcrest-core-1.3.jar:/Users/zhanghan/.m2/repository/com/alibaba/druid/1.0.31/druid-1.0.31.jar:/Library/Java/JavaVirtualMachines/jdk1.8.0_171.jdk/Contents/Home/jre/../lib/jconsole.jar:/Library/Java/JavaVirtualMachines/jdk1.8.0_171.jdk/Contents/Home/jre/../lib/tools.jar:/Users/zhanghan/.m2/repository/org/springframework/spring-test/4.3.20.RELEASE/spring-test-4.3.20.RELEASE.jar:/Users/zhanghan/.m2/repository/org/springframework/spring-core/4.3.20.RELEASE/spring-core-4.3.20.RELEASE.jar:/Users/zhanghan/.m2/repository/javax/servlet/servlet-api/2.5/servlet-api-2.5.jar:/Users/zhanghan/.m2/repository/org/webjars/bower/jquery/3.2.1/jquery-3.2.1.jar:/Users/zhanghan/.m2/repository/com/fasterxml/jackson/core/jackson-core/2.9.8/jackson-core-2.9.8.jar:/Users/zhanghan/.m2/repository/com/fasterxml/jackson/core/jackson-databind/2.9.8/jackson-databind-2.9.8.jar:/Users/zhanghan/.m2/repository/org/springframework/spring-webmvc/4.3.20.RELEASE/spring-webmvc-4.3.20.RELEASE.jar:/Users/zhanghan/.m2/repository/org/springframework/spring-aop/4.3.20.RELEASE/spring-aop-4.3.20.RELEASE.jar:/Users/zhanghan/.m2/repository/org/springframework/spring-beans/4.3.20.RELEASE/spring-beans-4.3.20.RELEASE.jar:/Users/zhanghan/.m2/repository/org/springframework/spring-context/4.3.20.RELEASE/spring-context-4.3.20.RELEASE.jar:/Users/zhanghan/.m2/repository/org/springframework/spring-expression/4.3.20.RELEASE/spring-expression-4.3.20.RELEASE.jar:/Users/zhanghan/.m2/repository/org/springframework/spring-web/4.3.20.RELEASE/spring-web-4.3.20.RELEASE.jar:, java.specification.name=Java Platform API Specification, java.class.version=52.0, sun.management.compiler=HotSpot 64-Bit Tiered Compilers, maven.repo.local=/Users/zhanghan/.m2/repository, os.version=10.16, http.nonProxyHosts=local|*.local|169.254/16|*.169.254/16, user.home=/Users/zhanghan, user.timezone=Asia/Shanghai, java.awt.printerjob=sun.lwawt.macosx.CPrinterJob, file.encoding=UTF-8, java.specification.version=1.8, java.class.path=/Users/zhanghan/IdeaProjects/atcrowdfunding01-admin-parent/atcrowdfunding02-admin-webui/target/test-classes:/Users/zhanghan/IdeaProjects/atcrowdfunding01-admin-parent/atcrowdfunding02-admin-webui/target/classes:/Users/zhanghan/.m2/repository/com/atguigu/crowd/atcrowdfunding03-admin-component/1.0-SNAPSHOT/atcrowdfunding03-admin-component-1.0-SNAPSHOT.jar:/Users/zhanghan/.m2/repository/com/atguigu/crowd/atcrowdfunding05-common-util/1.0-SNAPSHOT/atcrowdfunding05-common-util-1.0-SNAPSHOT.jar:/Users/zhanghan/.m2/repository/com/atguigu/crowd/atcrowdfunding04-admin-entity/1.0-SNAPSHOT/atcrowdfunding04-admin-entity-1.0-SNAPSHOT.jar:/Users/zhanghan/.m2/repository/org/mybatis/mybatis/3.2.8/mybatis-3.2.8.jar:/Users/zhanghan/.m2/repository/org/springframework/spring-orm/4.3.20.RELEASE/spring-orm-4.3.20.RELEASE.jar:/Users/zhanghan/.m2/repository/org/springframework/spring-jdbc/4.3.20.RELEASE/spring-jdbc-4.3.20.RELEASE.jar:/Users/zhanghan/.m2/repository/org/springframework/spring-tx/4.3.20.RELEASE/spring-tx-4.3.20.RELEASE.jar:/Users/zhanghan/.m2/repository/org/aspectj/aspectjweaver/1.9.2/aspectjweaver-1.9.2.jar:/Users/zhanghan/.m2/repository/cglib/cglib/2.2/cglib-2.2.jar:/Users/zhanghan/.m2/repository/asm/asm/3.1/asm-3.1.jar:/Users/zhanghan/.m2/repository/mysql/mysql-connector-java/5.1.3/mysql-connector-java-5.1.3.jar:/Users/zhanghan/.m2/repository/org/mybatis/mybatis-spring/1.2.2/mybatis-spring-1.2.2.jar:/Users/zhanghan/.m2/repository/com/github/pagehelper/pagehelper/4.0.0/pagehelper-4.0.0.jar:/Users/zhanghan/.m2/repository/com/github/jsqlparser/jsqlparser/0.9.1/jsqlparser-0.9.1.jar:/Users/zhanghan/.m2/repository/org/slf4j/slf4j-api/1.7.7/slf4j-api-1.7.7.jar:/Users/zhanghan/.m2/repository/ch/qos/logback/logback-classic/1.2.3/logback-classic-1.2.3.jar:/Users/zhanghan/.m2/repository/ch/qos/logback/logback-core/1.2.3/logback-core-1.2.3.jar:/Users/zhanghan/.m2/repository/org/slf4j/jcl-over-slf4j/1.7.25/jcl-over-slf4j-1.7.25.jar:/Users/zhanghan/.m2/repository/com/fasterxml/jackson/core/jackson-annotations/2.9.8/jackson-annotations-2.9.8.jar:/Users/zhanghan/.m2/repository/jstl/jstl/1.2/jstl-1.2.jar:/Users/zhanghan/.m2/repository/com/google/code/gson/gson/2.8.5/gson-2.8.5.jar:/Users/zhanghan/.m2/repository/org/springframework/security/spring-security-web/4.2.10.RELEASE/spring-security-web-4.2.10.RELEASE.jar:/Users/zhanghan/.m2/repository/aopalliance/aopalliance/1.0/aopalliance-1.0.jar:/Users/zhanghan/.m2/repository/org/springframework/security/spring-security-core/4.2.10.RELEASE/spring-security-core-4.2.10.RELEASE.jar:/Users/zhanghan/.m2/repository/org/springframework/security/spring-security-config/4.2.10.RELEASE/spring-security-config-4.2.10.RELEASE.jar:/Users/zhanghan/.m2/repository/org/springframework/security/spring-security-taglibs/4.2.10.RELEASE/spring-security-taglibs-4.2.10.RELEASE.jar:/Users/zhanghan/.m2/repository/org/springframework/security/spring-security-acl/4.2.10.RELEASE/spring-security-acl-4.2.10.RELEASE.jar:/Users/zhanghan/.m2/repository/junit/junit/4.12/junit-4.12.jar:/Users/zhanghan/.m2/repository/org/hamcrest/hamcrest-core/1.3/hamcrest-core-1.3.jar:/Users/zhanghan/.m2/repository/com/alibaba/druid/1.0.31/druid-1.0.31.jar:/Library/Java/JavaVirtualMachines/jdk1.8.0_171.jdk/Contents/Home/jre/../lib/jconsole.jar:/Library/Java/JavaVirtualMachines/jdk1.8.0_171.jdk/Contents/Home/jre/../lib/tools.jar:/Users/zhanghan/.m2/repository/org/springframework/spring-test/4.3.20.RELEASE/spring-test-4.3.20.RELEASE.jar:/Users/zhanghan/.m2/repository/org/springframework/spring-core/4.3.20.RELEASE/spring-core-4.3.20.RELEASE.jar:/Users/zhanghan/.m2/repository/javax/servlet/servlet-api/2.5/servlet-api-2.5.jar:/Users/zhanghan/.m2/repository/org/webjars/bower/jquery/3.2.1/jquery-3.2.1.jar:/Users/zhanghan/.m2/repository/com/fasterxml/jackson/core/jackson-core/2.9.8/jackson-core-2.9.8.jar:/Users/zhanghan/.m2/repository/com/fasterxml/jackson/core/jackson-databind/2.9.8/jackson-databind-2.9.8.jar:/Users/zhanghan/.m2/repository/org/springframework/spring-webmvc/4.3.20.RELEASE/spring-webmvc-4.3.20.RELEASE.jar:/Users/zhanghan/.m2/repository/org/springframework/spring-aop/4.3.20.RELEASE/spring-aop-4.3.20.RELEASE.jar:/Users/zhanghan/.m2/repository/org/springframework/spring-beans/4.3.20.RELEASE/spring-beans-4.3.20.RELEASE.jar:/Users/zhanghan/.m2/repository/org/springframework/spring-context/4.3.20.RELEASE/spring-context-4.3.20.RELEASE.jar:/Users/zhanghan/.m2/repository/org/springframework/spring-expression/4.3.20.RELEASE/spring-expression-4.3.20.RELEASE.jar:/Users/zhanghan/.m2/repository/org/springframework/spring-web/4.3.20.RELEASE/spring-web-4.3.20.RELEASE.jar:, user.name=zhanghan, java.vm.specification.version=1.8, sun.java.command=/Users/zhanghan/IdeaProjects/atcrowdfunding01-admin-parent/atcrowdfunding02-admin-webui/target/surefire/surefirebooter8298593034079850028.jar /Users/zhanghan/IdeaProjects/atcrowdfunding01-admin-parent/atcrowdfunding02-admin-webui/target/surefire 2021-01-18T02-09-14_318-jvmRun1 surefire4709036748269366709tmp surefire_06691731426521450763tmp, java.home=/Library/Java/JavaVirtualMachines/jdk1.8.0_171.jdk/Contents/Home/jre, sun.arch.data.model=64, user.language=zh, java.specification.vendor=Oracle Corporation, awt.toolkit=sun.lwawt.macosx.LWCToolkit, java.vm.info=mixed mode, java.version=1.8.0_171, java.ext.dirs=/Users/zhanghan/Library/Java/Extensions:/Library/Java/JavaVirtualMachines/jdk1.8.0_171.jdk/Contents/Home/jre/lib/ext:/Library/Java/Extensions:/Network/Library/Java/Extensions:/System/Library/Java/Extensions:/usr/lib/java, sun.boot.class.path=/Library/Java/JavaVirtualMachines/jdk1.8.0_171.jdk/Contents/Home/jre/lib/resources.jar:/Library/Java/JavaVirtualMachines/jdk1.8.0_171.jdk/Contents/Home/jre/lib/rt.jar:/Library/Java/JavaVirtualMachines/jdk1.8.0_171.jdk/Contents/Home/jre/lib/sunrsasign.jar:/Library/Java/JavaVirtualMachines/jdk1.8.0_171.jdk/Contents/Home/jre/lib/jsse.jar:/Library/Java/JavaVirtualMachines/jdk1.8.0_171.jdk/Contents/Home/jre/lib/jce.jar:/Library/Java/JavaVirtualMachines/jdk1.8.0_171.jdk/Contents/Home/jre/lib/charsets.jar:/Library/Java/JavaVirtualMachines/jdk1.8.0_171.jdk/Contents/Home/jre/lib/jfr.jar:/Library/Java/JavaVirtualMachines/jdk1.8.0_171.jdk/Contents/Home/jre/classes, java.vendor=Oracle Corporation, localRepository=/Users/zhanghan/.m2/repository, file.separator=/, java.vendor.url.bug=http://bugreport.sun.com/bugreport/, sun.io.unicode.encoding=UnicodeBig, sun.cpu.endian=little, socksNonProxyHosts=local|*.local|169.254/16|*.169.254/16, ftp.nonProxyHosts=local|*.local|169.254/16|*.169.254/16, sun.cpu.isalist=}}, SystemEnvironmentPropertySource@1920387277 {name='systemEnvironment', properties={__CFBundleIdentifier=com.jetbrains.intellij, PATH=/usr/local/bin:/usr/bin:/bin:/usr/sbin:/sbin, SHELL=/bin/zsh, OLDPWD=/Users/zhanghan/IdeaProjects/atcrowdfunding01-admin-parent/atcrowdfunding02-admin-webui, USER=zhanghan, COMMAND_MODE=unix2003, TMPDIR=/var/folders/dl/fmmfgtvs4zs6ygk2gh11ctrr0000gn/T/, JAVA_MAIN_CLASS_42081=org.apache.maven.surefire.booter.ForkedBooter, SSH_AUTH_SOCK=/private/tmp/com.apple.launchd.hnedJUbQ3x/Listeners, XPC_FLAGS=0x0, JAVA_MAIN_CLASS_42072=org.codehaus.classworlds.Launcher, __CF_USER_TEXT_ENCODING=0x1F5:0x19:0x34, LOGNAME=zhanghan, LC_CTYPE=zh_CN.UTF-8, XPC_SERVICE_NAME=0, PWD=/Users/zhanghan/IdeaProjects/atcrowdfunding01-admin-parent/atcrowdfunding02-admin-webui, HOME=/Users/zhanghan, SHLVL=1, _=/Library/Java/JavaVirtualMachines/jdk1.8.0_171.jdk/Contents/Home/jre/bin/java}}]
02:09:18.888 [main] DEBUG org.springframework.core.env.StandardEnvironment - Activating profiles []
02:09:18.900 [main] INFO org.springframework.beans.factory.xml.XmlBeanDefinitionReader - Loading XML bean definitions from class path resource [spring-persist-mybatis.xml]
02:09:18.940 [main] DEBUG org.springframework.beans.factory.xml.DefaultDocumentLoader - Using JAXP provider [com.sun.org.apache.xerces.internal.jaxp.DocumentBuilderFactoryImpl]
02:09:18.997 [main] DEBUG org.springframework.beans.factory.xml.PluggableSchemaResolver - Loading schema mappings from [META-INF/spring.schemas]
02:09:19.003 [main] DEBUG org.springframework.beans.factory.xml.PluggableSchemaResolver - Loaded schema mappings: {http://www.springframework.org/schema/tx/spring-tx-2.5.xsd=org/springframework/transaction/config/spring-tx-2.5.xsd, http://www.springframework.org/schema/tx/spring-tx-4.3.xsd=org/springframework/transaction/config/spring-tx-4.3.xsd, http://www.springframework.org/schema/cache/spring-cache-4.2.xsd=org/springframework/cache/config/spring-cache-4.2.xsd, http://www.springframework.org/schema/aop/spring-aop-4.1.xsd=org/springframework/aop/config/spring-aop-4.1.xsd, http://www.springframework.org/schema/context/spring-context-3.1.xsd=org/springframework/context/config/spring-context-3.1.xsd, http://www.springframework.org/schema/jdbc/spring-jdbc-4.1.xsd=org/springframework/jdbc/config/spring-jdbc-4.1.xsd, http://www.springframework.org/schema/util/spring-util-3.0.xsd=org/springframework/beans/factory/xml/spring-util-3.0.xsd, http://www.springframework.org/schema/mvc/spring-mvc-4.1.xsd=org/springframework/web/servlet/config/spring-mvc-4.1.xsd, http://www.springframework.org/schema/security/spring-security-3.0.3.xsd=org/springframework/security/config/spring-security-3.0.3.xsd, http://www.springframework.org/schema/tool/spring-tool.xsd=org/springframework/beans/factory/xml/spring-tool-4.3.xsd, http://www.springframework.org/schema/aop/spring-aop-3.2.xsd=org/springframework/aop/config/spring-aop-3.2.xsd, http://www.springframework.org/schema/security/spring-security-2.0.1.xsd=org/springframework/security/config/spring-security-2.0.1.xsd, http://mybatis.org/schema/mybatis-spring-1.2.xsd=org/mybatis/spring/config/mybatis-spring-1.2.xsd, http://www.springframework.org/schema/lang/spring-lang-4.1.xsd=org/springframework/scripting/config/spring-lang-4.1.xsd, http://www.springframework.org/schema/context/spring-context-4.0.xsd=org/springframework/context/config/spring-context-4.0.xsd, http://www.springframework.org/schema/mvc/spring-mvc-3.2.xsd=org/springframework/web/servlet/config/spring-mvc-3.2.xsd, http://www.springframework.org/schema/beans/spring-beans-4.2.xsd=org/springframework/beans/factory/xml/spring-beans-4.2.xsd, http://www.springframework.org/schema/tool/spring-tool-4.1.xsd=org/springframework/beans/factory/xml/spring-tool-4.1.xsd, http://www.springframework.org/schema/lang/spring-lang-3.2.xsd=org/springframework/scripting/config/spring-lang-3.2.xsd, http://www.springframework.org/schema/cache/spring-cache-3.2.xsd=org/springframework/cache/config/spring-cache-3.2.xsd, http://www.springframework.org/schema/jee/spring-jee-4.1.xsd=org/springframework/ejb/config/spring-jee-4.1.xsd, http://www.springframework.org/schema/jdbc/spring-jdbc-3.1.xsd=org/springframework/jdbc/config/spring-jdbc-3.1.xsd, http://www.springframework.org/schema/task/spring-task-4.2.xsd=org/springframework/scheduling/config/spring-task-4.2.xsd, http://www.springframework.org/schema/util/spring-util-2.0.xsd=org/springframework/beans/factory/xml/spring-util-2.0.xsd, http://www.springframework.org/schema/context/spring-context.xsd=org/springframework/context/config/spring-context-4.3.xsd, http://www.springframework.org/schema/tool/spring-tool-3.2.xsd=org/springframework/beans/factory/xml/spring-tool-3.2.xsd, http://www.springframework.org/schema/tx/spring-tx-4.2.xsd=org/springframework/transaction/config/spring-tx-4.2.xsd, http://www.springframework.org/schema/cache/spring-cache-4.1.xsd=org/springframework/cache/config/spring-cache-4.1.xsd, http://www.springframework.org/schema/aop/spring-aop-4.0.xsd=org/springframework/aop/config/spring-aop-4.0.xsd, http://www.springframework.org/schema/jee/spring-jee-3.2.xsd=org/springframework/ejb/config/spring-jee-3.2.xsd, http://www.springframework.org/schema/security/spring-security-2.0.xsd=org/springframework/security/config/spring-security-2.0.xsd, http://www.springframework.org/schema/context/spring-context-3.0.xsd=org/springframework/context/config/spring-context-3.0.xsd, http://www.springframework.org/schema/jdbc/spring-jdbc-4.0.xsd=org/springframework/jdbc/config/spring-jdbc-4.0.xsd, http://www.springframework.org/schema/util/spring-util-4.3.xsd=org/springframework/beans/factory/xml/spring-util-4.3.xsd, http://www.springframework.org/schema/util/spring-util-2.5.xsd=org/springframework/beans/factory/xml/spring-util-2.5.xsd, http://www.springframework.org/schema/mvc/spring-mvc-4.0.xsd=org/springframework/web/servlet/config/spring-mvc-4.0.xsd, http://www.springframework.org/schema/beans/spring-beans-3.2.xsd=org/springframework/beans/factory/xml/spring-beans-3.2.xsd, http://www.springframework.org/schema/aop/spring-aop-3.1.xsd=org/springframework/aop/config/spring-aop-3.1.xsd, http://www.springframework.org/schema/lang/spring-lang-4.0.xsd=org/springframework/scripting/config/spring-lang-4.0.xsd, http://www.springframework.org/schema/mvc/spring-mvc.xsd=org/springframework/web/servlet/config/spring-mvc-4.3.xsd, http://www.springframework.org/schema/mvc/spring-mvc-3.1.xsd=org/springframework/web/servlet/config/spring-mvc-3.1.xsd, http://www.springframework.org/schema/beans/spring-beans-4.1.xsd=org/springframework/beans/factory/xml/spring-beans-4.1.xsd, http://www.springframework.org/schema/tool/spring-tool-4.0.xsd=org/springframework/beans/factory/xml/spring-tool-4.0.xsd, http://www.springframework.org/schema/lang/spring-lang-3.1.xsd=org/springframework/scripting/config/spring-lang-3.1.xsd, http://www.springframework.org/schema/tx/spring-tx-3.2.xsd=org/springframework/transaction/config/spring-tx-3.2.xsd, http://www.springframework.org/schema/cache/spring-cache-3.1.xsd=org/springframework/cache/config/spring-cache-3.1.xsd, http://www.springframework.org/schema/jee/spring-jee-4.0.xsd=org/springframework/ejb/config/spring-jee-4.0.xsd, http://www.springframework.org/schema/jdbc/spring-jdbc-3.0.xsd=org/springframework/jdbc/config/spring-jdbc-3.0.xsd, http://www.springframework.org/schema/task/spring-task-4.1.xsd=org/springframework/scheduling/config/spring-task-4.1.xsd, http://www.springframework.org/schema/jdbc/spring-jdbc.xsd=org/springframework/jdbc/config/spring-jdbc-4.3.xsd, http://www.springframework.org/schema/tool/spring-tool-3.1.xsd=org/springframework/beans/factory/xml/spring-tool-3.1.xsd, http://www.springframework.org/schema/tx/spring-tx-4.1.xsd=org/springframework/transaction/config/spring-tx-4.1.xsd, http://www.springframework.org/schema/cache/spring-cache-4.0.xsd=org/springframework/cache/config/spring-cache-4.0.xsd, http://www.springframework.org/schema/jee/spring-jee-3.1.xsd=org/springframework/ejb/config/spring-jee-3.1.xsd, http://www.springframework.org/schema/task/spring-task-3.2.xsd=org/springframework/scheduling/config/spring-task-3.2.xsd, http://www.springframework.org/schema/util/spring-util-4.2.xsd=org/springframework/beans/factory/xml/spring-util-4.2.xsd, http://www.springframework.org/schema/beans/spring-beans-3.1.xsd=org/springframework/beans/factory/xml/spring-beans-3.1.xsd, http://www.springframework.org/schema/util/spring-util.xsd=org/springframework/beans/factory/xml/spring-util-4.3.xsd, http://www.springframework.org/schema/aop/spring-aop-3.0.xsd=org/springframework/aop/config/spring-aop-3.0.xsd, http://www.springframework.org/schema/security/spring-security-4.2.xsd=org/springframework/security/config/spring-security-4.2.xsd, http://www.springframework.org/schema/mvc/spring-mvc-3.0.xsd=org/springframework/web/servlet/config/spring-mvc-3.0.xsd, http://www.springframework.org/schema/beans/spring-beans-4.0.xsd=org/springframework/beans/factory/xml/spring-beans-4.0.xsd, http://www.springframework.org/schema/beans/spring-beans.xsd=org/springframework/beans/factory/xml/spring-beans-4.3.xsd, http://www.springframework.org/schema/security/spring-security-2.0.4.xsd=org/springframework/security/config/spring-security-2.0.4.xsd, http://www.springframework.org/schema/lang/spring-lang-3.0.xsd=org/springframework/scripting/config/spring-lang-3.0.xsd, http://www.springframework.org/schema/tx/spring-tx-3.1.xsd=org/springframework/transaction/config/spring-tx-3.1.xsd, http://mybatis.org/schema/mybatis-spring.xsd=org/mybatis/spring/config/mybatis-spring-1.2.xsd, http://www.springframework.org/schema/context/spring-context-4.3.xsd=org/springframework/context/config/spring-context-4.3.xsd, http://www.springframework.org/schema/context/spring-context-2.5.xsd=org/springframework/context/config/spring-context-2.5.xsd, http://www.springframework.org/schema/task/spring-task-4.0.xsd=org/springframework/scheduling/config/spring-task-4.0.xsd, http://www.springframework.org/schema/tool/spring-tool-3.0.xsd=org/springframework/beans/factory/xml/spring-tool-3.0.xsd, http://www.springframework.org/schema/tx/spring-tx-4.0.xsd=org/springframework/transaction/config/spring-tx-4.0.xsd, http://www.springframework.org/schema/aop/spring-aop-2.0.xsd=org/springframework/aop/config/spring-aop-2.0.xsd, http://www.springframework.org/schema/jee/spring-jee-3.0.xsd=org/springframework/ejb/config/spring-jee-3.0.xsd, http://www.springframework.org/schema/security/spring-security-3.2.xsd=org/springframework/security/config/spring-security-3.2.xsd, http://www.springframework.org/schema/task/spring-task-3.1.xsd=org/springframework/scheduling/config/spring-task-3.1.xsd, http://www.springframework.org/schema/util/spring-util-4.1.xsd=org/springframework/beans/factory/xml/spring-util-4.1.xsd, http://www.springframework.org/schema/beans/spring-beans-3.0.xsd=org/springframework/beans/factory/xml/spring-beans-3.0.xsd, http://www.springframework.org/schema/jee/spring-jee.xsd=org/springframework/ejb/config/spring-jee-4.3.xsd, http://www.springframework.org/schema/aop/spring-aop-2.5.xsd=org/springframework/aop/config/spring-aop-2.5.xsd, http://www.springframework.org/schema/aop/spring-aop-4.3.xsd=org/springframework/aop/config/spring-aop-4.3.xsd, http://www.springframework.org/schema/lang/spring-lang-2.0.xsd=org/springframework/scripting/config/spring-lang-2.0.xsd, http://www.springframework.org/schema/security/spring-security-4.1.xsd=org/springframework/security/config/spring-security-4.1.xsd, http://www.springframework.org/schema/jdbc/spring-jdbc-4.3.xsd=org/springframework/jdbc/config/spring-jdbc-4.3.xsd, http://www.springframework.org/schema/util/spring-util-3.2.xsd=org/springframework/beans/factory/xml/spring-util-3.2.xsd, http://www.springframework.org/schema/mvc/spring-mvc-4.3.xsd=org/springframework/web/servlet/config/spring-mvc-4.3.xsd, http://www.springframework.org/schema/task/spring-task.xsd=org/springframework/scheduling/config/spring-task-4.3.xsd, http://www.springframework.org/schema/tool/spring-tool-2.0.xsd=org/springframework/beans/factory/xml/spring-tool-2.0.xsd, http://www.springframework.org/schema/lang/spring-lang-4.3.xsd=org/springframework/scripting/config/spring-lang-4.3.xsd, http://www.springframework.org/schema/lang/spring-lang-2.5.xsd=org/springframework/scripting/config/spring-lang-2.5.xsd, http://www.springframework.org/schema/tx/spring-tx-3.0.xsd=org/springframework/transaction/config/spring-tx-3.0.xsd, http://www.springframework.org/schema/context/spring-context-4.2.xsd=org/springframework/context/config/spring-context-4.2.xsd, http://www.springframework.org/schema/jee/spring-jee-2.0.xsd=org/springframework/ejb/config/spring-jee-2.0.xsd, http://www.springframework.org/schema/tool/spring-tool-4.3.xsd=org/springframework/beans/factory/xml/spring-tool-4.3.xsd, http://www.springframework.org/schema/tool/spring-tool-2.5.xsd=org/springframework/beans/factory/xml/spring-tool-2.5.xsd, http://www.springframework.org/schema/jee/spring-jee-4.3.xsd=org/springframework/ejb/config/spring-jee-4.3.xsd, http://www.springframework.org/schema/jee/spring-jee-2.5.xsd=org/springframework/ejb/config/spring-jee-2.5.xsd, http://www.springframework.org/schema/security/spring-security-3.1.xsd=org/springframework/security/config/spring-security-3.1.xsd, http://www.springframework.org/schema/task/spring-task-3.0.xsd=org/springframework/scheduling/config/spring-task-3.0.xsd, http://www.springframework.org/schema/util/spring-util-4.0.xsd=org/springframework/beans/factory/xml/spring-util-4.0.xsd, http://www.springframework.org/schema/cache/spring-cache-4.3.xsd=org/springframework/cache/config/spring-cache-4.3.xsd, http://www.springframework.org/schema/aop/spring-aop-4.2.xsd=org/springframework/aop/config/spring-aop-4.2.xsd, http://www.springframework.org/schema/security/spring-security-4.0.xsd=org/springframework/security/config/spring-security-4.0.xsd, http://www.springframework.org/schema/lang/spring-lang.xsd=org/springframework/scripting/config/spring-lang-4.3.xsd, http://www.springframework.org/schema/context/spring-context-3.2.xsd=org/springframework/context/config/spring-context-3.2.xsd, http://www.springframework.org/schema/jdbc/spring-jdbc-4.2.xsd=org/springframework/jdbc/config/spring-jdbc-4.2.xsd, http://www.springframework.org/schema/util/spring-util-3.1.xsd=org/springframework/beans/factory/xml/spring-util-3.1.xsd, http://www.springframework.org/schema/mvc/spring-mvc-4.2.xsd=org/springframework/web/servlet/config/spring-mvc-4.2.xsd, http://www.springframework.org/schema/beans/spring-beans-2.0.xsd=org/springframework/beans/factory/xml/spring-beans-2.0.xsd, http://www.springframework.org/schema/cache/spring-cache.xsd=org/springframework/cache/config/spring-cache-4.3.xsd, http://www.springframework.org/schema/tx/spring-tx.xsd=org/springframework/transaction/config/spring-tx-4.3.xsd, http://www.springframework.org/schema/security/spring-security-2.0.2.xsd=org/springframework/security/config/spring-security-2.0.2.xsd, http://www.springframework.org/schema/lang/spring-lang-4.2.xsd=org/springframework/scripting/config/spring-lang-4.2.xsd, http://www.springframework.org/schema/context/spring-context-4.1.xsd=org/springframework/context/config/spring-context-4.1.xsd, http://www.springframework.org/schema/beans/spring-beans-2.5.xsd=org/springframework/beans/factory/xml/spring-beans-2.5.xsd, http://www.springframework.org/schema/beans/spring-beans-4.3.xsd=org/springframework/beans/factory/xml/spring-beans-4.3.xsd, http://www.springframework.org/schema/tool/spring-tool-4.2.xsd=org/springframework/beans/factory/xml/spring-tool-4.2.xsd, http://www.springframework.org/schema/tx/spring-tx-2.0.xsd=org/springframework/transaction/config/spring-tx-2.0.xsd, http://www.springframework.org/schema/security/spring-security.xsd=org/springframework/security/config/spring-security-4.2.xsd, http://www.alibaba.com/schema/stat.xsd=META-INF/stat.xsd, http://www.springframework.org/schema/jee/spring-jee-4.2.xsd=org/springframework/ejb/config/spring-jee-4.2.xsd, http://www.springframework.org/schema/security/spring-security-3.0.xsd=org/springframework/security/config/spring-security-3.0.xsd, http://www.springframework.org/schema/jdbc/spring-jdbc-3.2.xsd=org/springframework/jdbc/config/spring-jdbc-3.2.xsd, http://www.springframework.org/schema/task/spring-task-4.3.xsd=org/springframework/scheduling/config/spring-task-4.3.xsd, http://www.springframework.org/schema/aop/spring-aop.xsd=org/springframework/aop/config/spring-aop-4.3.xsd}
02:09:19.004 [main] DEBUG org.springframework.beans.factory.xml.PluggableSchemaResolver - Found XML schema [http://www.springframework.org/schema/beans/spring-beans.xsd] in classpath: org/springframework/beans/factory/xml/spring-beans-4.3.xsd
02:09:19.070 [main] DEBUG org.springframework.beans.factory.xml.PluggableSchemaResolver - Found XML schema [http://www.springframework.org/schema/context/spring-context-4.3.xsd] in classpath: org/springframework/context/config/spring-context-4.3.xsd
02:09:19.082 [main] DEBUG org.springframework.beans.factory.xml.PluggableSchemaResolver - Found XML schema [http://www.springframework.org/schema/tool/spring-tool-4.3.xsd] in classpath: org/springframework/beans/factory/xml/spring-tool-4.3.xsd
02:09:19.095 [main] DEBUG org.springframework.beans.factory.xml.DefaultBeanDefinitionDocumentReader - Loading bean definitions
02:09:19.112 [main] DEBUG org.springframework.beans.factory.xml.DefaultNamespaceHandlerResolver - Loading NamespaceHandler mappings from [META-INF/spring.handlers]
02:09:19.116 [main] DEBUG org.springframework.beans.factory.xml.DefaultNamespaceHandlerResolver - Loaded NamespaceHandler mappings: {http://www.springframework.org/schema/p=org.springframework.beans.factory.xml.SimplePropertyNamespaceHandler, http://www.springframework.org/schema/mvc=org.springframework.web.servlet.config.MvcNamespaceHandler, http://www.springframework.org/schema/util=org.springframework.beans.factory.xml.UtilNamespaceHandler, http://www.alibaba.com/schema/stat=com.alibaba.druid.support.spring.stat.config.DruidStatNamespaceHandler, http://www.springframework.org/schema/jee=org.springframework.ejb.config.JeeNamespaceHandler, http://www.springframework.org/schema/aop=org.springframework.aop.config.AopNamespaceHandler, http://www.springframework.org/schema/jdbc=org.springframework.jdbc.config.JdbcNamespaceHandler, http://www.springframework.org/schema/cache=org.springframework.cache.config.CacheNamespaceHandler, http://mybatis.org/schema/mybatis-spring=org.mybatis.spring.config.NamespaceHandler, http://www.springframework.org/schema/c=org.springframework.beans.factory.xml.SimpleConstructorNamespaceHandler, http://www.springframework.org/schema/security=org.springframework.security.config.SecurityNamespaceHandler, http://www.springframework.org/schema/tx=org.springframework.transaction.config.TxNamespaceHandler, http://www.springframework.org/schema/task=org.springframework.scheduling.config.TaskNamespaceHandler, http://www.springframework.org/schema/lang=org.springframework.scripting.config.LangNamespaceHandler, http://www.springframework.org/schema/context=org.springframework.context.config.ContextNamespaceHandler}
02:09:19.147 [main] DEBUG org.springframework.beans.factory.xml.BeanDefinitionParserDelegate - Neither XML 'id' nor 'name' specified - using generated bean name [com.github.pagehelper.PageHelper#77be656f]
02:09:19.148 [main] DEBUG org.springframework.beans.factory.xml.XmlBeanDefinitionReader - Loaded 4 bean definitions from location pattern [classpath:spring-persist-mybatis.xml]
02:09:19.163 [main] INFO org.springframework.context.support.GenericApplicationContext - Refreshing org.springframework.context.support.GenericApplicationContext@2f943d71: startup date [Mon Jan 18 02:09:19 CST 2021]; root of context hierarchy
02:09:19.164 [main] DEBUG org.springframework.context.support.GenericApplicationContext - Bean factory for org.springframework.context.support.GenericApplicationContext@2f943d71: org.springframework.beans.factory.support.DefaultListableBeanFactory@4206a205: defining beans [org.springframework.context.support.PropertySourcesPlaceholderConfigurer#0,dataSource,sqlSessionFactoryBean,mapperScannerConfigurer,org.springframework.context.annotation.internalConfigurationAnnotationProcessor,org.springframework.context.annotation.internalAutowiredAnnotationProcessor,org.springframework.context.annotation.internalRequiredAnnotationProcessor,org.springframework.context.annotation.internalCommonAnnotationProcessor,org.springframework.context.event.internalEventListenerProcessor,org.springframework.context.event.internalEventListenerFactory]; root of factory hierarchy
02:09:19.200 [main] DEBUG org.springframework.beans.factory.support.DefaultListableBeanFactory - Creating shared instance of singleton bean 'org.springframework.context.annotation.internalConfigurationAnnotationProcessor'
02:09:19.200 [main] DEBUG org.springframework.beans.factory.support.DefaultListableBeanFactory - Creating instance of bean 'org.springframework.context.annotation.internalConfigurationAnnotationProcessor'
02:09:19.219 [main] DEBUG org.springframework.beans.factory.support.DefaultListableBeanFactory - Eagerly caching bean 'org.springframework.context.annotation.internalConfigurationAnnotationProcessor' to allow for resolving potential circular references
02:09:19.220 [main] DEBUG org.springframework.beans.factory.support.DefaultListableBeanFactory - Finished creating instance of bean 'org.springframework.context.annotation.internalConfigurationAnnotationProcessor'
02:09:19.279 [main] DEBUG org.springframework.beans.factory.support.DefaultListableBeanFactory - Creating shared instance of singleton bean 'mapperScannerConfigurer'
02:09:19.279 [main] DEBUG org.springframework.beans.factory.support.DefaultListableBeanFactory - Creating instance of bean 'mapperScannerConfigurer'
02:09:19.280 [main] DEBUG org.springframework.beans.factory.support.DefaultListableBeanFactory - Eagerly caching bean 'mapperScannerConfigurer' to allow for resolving potential circular references
02:09:19.320 [main] DEBUG org.springframework.beans.factory.support.DefaultListableBeanFactory - Invoking afterPropertiesSet() on bean with name 'mapperScannerConfigurer'
02:09:19.320 [main] DEBUG org.springframework.beans.factory.support.DefaultListableBeanFactory - Finished creating instance of bean 'mapperScannerConfigurer'
02:09:19.323 [main] DEBUG org.springframework.core.env.StandardEnvironment - Adding PropertySource 'systemProperties' with lowest search precedence
02:09:19.323 [main] DEBUG org.springframework.core.env.StandardEnvironment - Adding PropertySource 'systemEnvironment' with lowest search precedence
02:09:19.323 [main] DEBUG org.springframework.core.env.StandardEnvironment - Initialized StandardEnvironment with PropertySources [MapPropertySource@835227336 {name='systemProperties', properties={idea.version=2020.3.1, java.runtime.name=Java(TM) SE Runtime Environment, sun.boot.library.path=/Library/Java/JavaVirtualMachines/jdk1.8.0_171.jdk/Contents/Home/jre/lib, java.vm.version=25.171-b11, gopherProxySet=false, java.vm.vendor=Oracle Corporation, java.vendor.url=http://java.oracle.com/, path.separator=:, java.vm.name=Java HotSpot(TM) 64-Bit Server VM, file.encoding.pkg=sun.io, user.country=CN, sun.java.launcher=SUN_STANDARD, sun.os.patch.level=unknown, java.vm.specification.name=Java Virtual Machine Specification, user.dir=/Users/zhanghan/IdeaProjects/atcrowdfunding01-admin-parent/atcrowdfunding02-admin-webui, java.runtime.version=1.8.0_171-b11, basedir=/Users/zhanghan/IdeaProjects/atcrowdfunding01-admin-parent/atcrowdfunding02-admin-webui, java.awt.graphicsenv=sun.awt.CGraphicsEnvironment, java.endorsed.dirs=/Library/Java/JavaVirtualMachines/jdk1.8.0_171.jdk/Contents/Home/jre/lib/endorsed, os.arch=x86_64, surefire.real.class.path=/Users/zhanghan/IdeaProjects/atcrowdfunding01-admin-parent/atcrowdfunding02-admin-webui/target/surefire/surefirebooter8298593034079850028.jar, java.io.tmpdir=/var/folders/dl/fmmfgtvs4zs6ygk2gh11ctrr0000gn/T/, line.separator=
, java.vm.specification.vendor=Oracle Corporation, os.name=Mac OS X, sun.jnu.encoding=UTF-8, java.library.path=/Users/zhanghan/Library/Java/Extensions:/Library/Java/Extensions:/Network/Library/Java/Extensions:/System/Library/Java/Extensions:/usr/lib/java:., surefire.test.class.path=/Users/zhanghan/IdeaProjects/atcrowdfunding01-admin-parent/atcrowdfunding02-admin-webui/target/test-classes:/Users/zhanghan/IdeaProjects/atcrowdfunding01-admin-parent/atcrowdfunding02-admin-webui/target/classes:/Users/zhanghan/.m2/repository/com/atguigu/crowd/atcrowdfunding03-admin-component/1.0-SNAPSHOT/atcrowdfunding03-admin-component-1.0-SNAPSHOT.jar:/Users/zhanghan/.m2/repository/com/atguigu/crowd/atcrowdfunding05-common-util/1.0-SNAPSHOT/atcrowdfunding05-common-util-1.0-SNAPSHOT.jar:/Users/zhanghan/.m2/repository/com/atguigu/crowd/atcrowdfunding04-admin-entity/1.0-SNAPSHOT/atcrowdfunding04-admin-entity-1.0-SNAPSHOT.jar:/Users/zhanghan/.m2/repository/org/mybatis/mybatis/3.2.8/mybatis-3.2.8.jar:/Users/zhanghan/.m2/repository/org/springframework/spring-orm/4.3.20.RELEASE/spring-orm-4.3.20.RELEASE.jar:/Users/zhanghan/.m2/repository/org/springframework/spring-jdbc/4.3.20.RELEASE/spring-jdbc-4.3.20.RELEASE.jar:/Users/zhanghan/.m2/repository/org/springframework/spring-tx/4.3.20.RELEASE/spring-tx-4.3.20.RELEASE.jar:/Users/zhanghan/.m2/repository/org/aspectj/aspectjweaver/1.9.2/aspectjweaver-1.9.2.jar:/Users/zhanghan/.m2/repository/cglib/cglib/2.2/cglib-2.2.jar:/Users/zhanghan/.m2/repository/asm/asm/3.1/asm-3.1.jar:/Users/zhanghan/.m2/repository/mysql/mysql-connector-java/5.1.3/mysql-connector-java-5.1.3.jar:/Users/zhanghan/.m2/repository/org/mybatis/mybatis-spring/1.2.2/mybatis-spring-1.2.2.jar:/Users/zhanghan/.m2/repository/com/github/pagehelper/pagehelper/4.0.0/pagehelper-4.0.0.jar:/Users/zhanghan/.m2/repository/com/github/jsqlparser/jsqlparser/0.9.1/jsqlparser-0.9.1.jar:/Users/zhanghan/.m2/repository/org/slf4j/slf4j-api/1.7.7/slf4j-api-1.7.7.jar:/Users/zhanghan/.m2/repository/ch/qos/logback/logback-classic/1.2.3/logback-classic-1.2.3.jar:/Users/zhanghan/.m2/repository/ch/qos/logback/logback-core/1.2.3/logback-core-1.2.3.jar:/Users/zhanghan/.m2/repository/org/slf4j/jcl-over-slf4j/1.7.25/jcl-over-slf4j-1.7.25.jar:/Users/zhanghan/.m2/repository/com/fasterxml/jackson/core/jackson-annotations/2.9.8/jackson-annotations-2.9.8.jar:/Users/zhanghan/.m2/repository/jstl/jstl/1.2/jstl-1.2.jar:/Users/zhanghan/.m2/repository/com/google/code/gson/gson/2.8.5/gson-2.8.5.jar:/Users/zhanghan/.m2/repository/org/springframework/security/spring-security-web/4.2.10.RELEASE/spring-security-web-4.2.10.RELEASE.jar:/Users/zhanghan/.m2/repository/aopalliance/aopalliance/1.0/aopalliance-1.0.jar:/Users/zhanghan/.m2/repository/org/springframework/security/spring-security-core/4.2.10.RELEASE/spring-security-core-4.2.10.RELEASE.jar:/Users/zhanghan/.m2/repository/org/springframework/security/spring-security-config/4.2.10.RELEASE/spring-security-config-4.2.10.RELEASE.jar:/Users/zhanghan/.m2/repository/org/springframework/security/spring-security-taglibs/4.2.10.RELEASE/spring-security-taglibs-4.2.10.RELEASE.jar:/Users/zhanghan/.m2/repository/org/springframework/security/spring-security-acl/4.2.10.RELEASE/spring-security-acl-4.2.10.RELEASE.jar:/Users/zhanghan/.m2/repository/junit/junit/4.12/junit-4.12.jar:/Users/zhanghan/.m2/repository/org/hamcrest/hamcrest-core/1.3/hamcrest-core-1.3.jar:/Users/zhanghan/.m2/repository/com/alibaba/druid/1.0.31/druid-1.0.31.jar:/Library/Java/JavaVirtualMachines/jdk1.8.0_171.jdk/Contents/Home/jre/../lib/jconsole.jar:/Library/Java/JavaVirtualMachines/jdk1.8.0_171.jdk/Contents/Home/jre/../lib/tools.jar:/Users/zhanghan/.m2/repository/org/springframework/spring-test/4.3.20.RELEASE/spring-test-4.3.20.RELEASE.jar:/Users/zhanghan/.m2/repository/org/springframework/spring-core/4.3.20.RELEASE/spring-core-4.3.20.RELEASE.jar:/Users/zhanghan/.m2/repository/javax/servlet/servlet-api/2.5/servlet-api-2.5.jar:/Users/zhanghan/.m2/repository/org/webjars/bower/jquery/3.2.1/jquery-3.2.1.jar:/Users/zhanghan/.m2/repository/com/fasterxml/jackson/core/jackson-core/2.9.8/jackson-core-2.9.8.jar:/Users/zhanghan/.m2/repository/com/fasterxml/jackson/core/jackson-databind/2.9.8/jackson-databind-2.9.8.jar:/Users/zhanghan/.m2/repository/org/springframework/spring-webmvc/4.3.20.RELEASE/spring-webmvc-4.3.20.RELEASE.jar:/Users/zhanghan/.m2/repository/org/springframework/spring-aop/4.3.20.RELEASE/spring-aop-4.3.20.RELEASE.jar:/Users/zhanghan/.m2/repository/org/springframework/spring-beans/4.3.20.RELEASE/spring-beans-4.3.20.RELEASE.jar:/Users/zhanghan/.m2/repository/org/springframework/spring-context/4.3.20.RELEASE/spring-context-4.3.20.RELEASE.jar:/Users/zhanghan/.m2/repository/org/springframework/spring-expression/4.3.20.RELEASE/spring-expression-4.3.20.RELEASE.jar:/Users/zhanghan/.m2/repository/org/springframework/spring-web/4.3.20.RELEASE/spring-web-4.3.20.RELEASE.jar:, java.specification.name=Java Platform API Specification, java.class.version=52.0, sun.management.compiler=HotSpot 64-Bit Tiered Compilers, maven.repo.local=/Users/zhanghan/.m2/repository, os.version=10.16, http.nonProxyHosts=local|*.local|169.254/16|*.169.254/16, user.home=/Users/zhanghan, user.timezone=Asia/Shanghai, java.awt.printerjob=sun.lwawt.macosx.CPrinterJob, file.encoding=UTF-8, java.specification.version=1.8, java.class.path=/Users/zhanghan/IdeaProjects/atcrowdfunding01-admin-parent/atcrowdfunding02-admin-webui/target/test-classes:/Users/zhanghan/IdeaProjects/atcrowdfunding01-admin-parent/atcrowdfunding02-admin-webui/target/classes:/Users/zhanghan/.m2/repository/com/atguigu/crowd/atcrowdfunding03-admin-component/1.0-SNAPSHOT/atcrowdfunding03-admin-component-1.0-SNAPSHOT.jar:/Users/zhanghan/.m2/repository/com/atguigu/crowd/atcrowdfunding05-common-util/1.0-SNAPSHOT/atcrowdfunding05-common-util-1.0-SNAPSHOT.jar:/Users/zhanghan/.m2/repository/com/atguigu/crowd/atcrowdfunding04-admin-entity/1.0-SNAPSHOT/atcrowdfunding04-admin-entity-1.0-SNAPSHOT.jar:/Users/zhanghan/.m2/repository/org/mybatis/mybatis/3.2.8/mybatis-3.2.8.jar:/Users/zhanghan/.m2/repository/org/springframework/spring-orm/4.3.20.RELEASE/spring-orm-4.3.20.RELEASE.jar:/Users/zhanghan/.m2/repository/org/springframework/spring-jdbc/4.3.20.RELEASE/spring-jdbc-4.3.20.RELEASE.jar:/Users/zhanghan/.m2/repository/org/springframework/spring-tx/4.3.20.RELEASE/spring-tx-4.3.20.RELEASE.jar:/Users/zhanghan/.m2/repository/org/aspectj/aspectjweaver/1.9.2/aspectjweaver-1.9.2.jar:/Users/zhanghan/.m2/repository/cglib/cglib/2.2/cglib-2.2.jar:/Users/zhanghan/.m2/repository/asm/asm/3.1/asm-3.1.jar:/Users/zhanghan/.m2/repository/mysql/mysql-connector-java/5.1.3/mysql-connector-java-5.1.3.jar:/Users/zhanghan/.m2/repository/org/mybatis/mybatis-spring/1.2.2/mybatis-spring-1.2.2.jar:/Users/zhanghan/.m2/repository/com/github/pagehelper/pagehelper/4.0.0/pagehelper-4.0.0.jar:/Users/zhanghan/.m2/repository/com/github/jsqlparser/jsqlparser/0.9.1/jsqlparser-0.9.1.jar:/Users/zhanghan/.m2/repository/org/slf4j/slf4j-api/1.7.7/slf4j-api-1.7.7.jar:/Users/zhanghan/.m2/repository/ch/qos/logback/logback-classic/1.2.3/logback-classic-1.2.3.jar:/Users/zhanghan/.m2/repository/ch/qos/logback/logback-core/1.2.3/logback-core-1.2.3.jar:/Users/zhanghan/.m2/repository/org/slf4j/jcl-over-slf4j/1.7.25/jcl-over-slf4j-1.7.25.jar:/Users/zhanghan/.m2/repository/com/fasterxml/jackson/core/jackson-annotations/2.9.8/jackson-annotations-2.9.8.jar:/Users/zhanghan/.m2/repository/jstl/jstl/1.2/jstl-1.2.jar:/Users/zhanghan/.m2/repository/com/google/code/gson/gson/2.8.5/gson-2.8.5.jar:/Users/zhanghan/.m2/repository/org/springframework/security/spring-security-web/4.2.10.RELEASE/spring-security-web-4.2.10.RELEASE.jar:/Users/zhanghan/.m2/repository/aopalliance/aopalliance/1.0/aopalliance-1.0.jar:/Users/zhanghan/.m2/repository/org/springframework/security/spring-security-core/4.2.10.RELEASE/spring-security-core-4.2.10.RELEASE.jar:/Users/zhanghan/.m2/repository/org/springframework/security/spring-security-config/4.2.10.RELEASE/spring-security-config-4.2.10.RELEASE.jar:/Users/zhanghan/.m2/repository/org/springframework/security/spring-security-taglibs/4.2.10.RELEASE/spring-security-taglibs-4.2.10.RELEASE.jar:/Users/zhanghan/.m2/repository/org/springframework/security/spring-security-acl/4.2.10.RELEASE/spring-security-acl-4.2.10.RELEASE.jar:/Users/zhanghan/.m2/repository/junit/junit/4.12/junit-4.12.jar:/Users/zhanghan/.m2/repository/org/hamcrest/hamcrest-core/1.3/hamcrest-core-1.3.jar:/Users/zhanghan/.m2/repository/com/alibaba/druid/1.0.31/druid-1.0.31.jar:/Library/Java/JavaVirtualMachines/jdk1.8.0_171.jdk/Contents/Home/jre/../lib/jconsole.jar:/Library/Java/JavaVirtualMachines/jdk1.8.0_171.jdk/Contents/Home/jre/../lib/tools.jar:/Users/zhanghan/.m2/repository/org/springframework/spring-test/4.3.20.RELEASE/spring-test-4.3.20.RELEASE.jar:/Users/zhanghan/.m2/repository/org/springframework/spring-core/4.3.20.RELEASE/spring-core-4.3.20.RELEASE.jar:/Users/zhanghan/.m2/repository/javax/servlet/servlet-api/2.5/servlet-api-2.5.jar:/Users/zhanghan/.m2/repository/org/webjars/bower/jquery/3.2.1/jquery-3.2.1.jar:/Users/zhanghan/.m2/repository/com/fasterxml/jackson/core/jackson-core/2.9.8/jackson-core-2.9.8.jar:/Users/zhanghan/.m2/repository/com/fasterxml/jackson/core/jackson-databind/2.9.8/jackson-databind-2.9.8.jar:/Users/zhanghan/.m2/repository/org/springframework/spring-webmvc/4.3.20.RELEASE/spring-webmvc-4.3.20.RELEASE.jar:/Users/zhanghan/.m2/repository/org/springframework/spring-aop/4.3.20.RELEASE/spring-aop-4.3.20.RELEASE.jar:/Users/zhanghan/.m2/repository/org/springframework/spring-beans/4.3.20.RELEASE/spring-beans-4.3.20.RELEASE.jar:/Users/zhanghan/.m2/repository/org/springframework/spring-context/4.3.20.RELEASE/spring-context-4.3.20.RELEASE.jar:/Users/zhanghan/.m2/repository/org/springframework/spring-expression/4.3.20.RELEASE/spring-expression-4.3.20.RELEASE.jar:/Users/zhanghan/.m2/repository/org/springframework/spring-web/4.3.20.RELEASE/spring-web-4.3.20.RELEASE.jar:, user.name=zhanghan, java.vm.specification.version=1.8, sun.java.command=/Users/zhanghan/IdeaProjects/atcrowdfunding01-admin-parent/atcrowdfunding02-admin-webui/target/surefire/surefirebooter8298593034079850028.jar /Users/zhanghan/IdeaProjects/atcrowdfunding01-admin-parent/atcrowdfunding02-admin-webui/target/surefire 2021-01-18T02-09-14_318-jvmRun1 surefire4709036748269366709tmp surefire_06691731426521450763tmp, java.home=/Library/Java/JavaVirtualMachines/jdk1.8.0_171.jdk/Contents/Home/jre, sun.arch.data.model=64, user.language=zh, java.specification.vendor=Oracle Corporation, awt.toolkit=sun.lwawt.macosx.LWCToolkit, java.vm.info=mixed mode, java.version=1.8.0_171, java.ext.dirs=/Users/zhanghan/Library/Java/Extensions:/Library/Java/JavaVirtualMachines/jdk1.8.0_171.jdk/Contents/Home/jre/lib/ext:/Library/Java/Extensions:/Network/Library/Java/Extensions:/System/Library/Java/Extensions:/usr/lib/java, sun.boot.class.path=/Library/Java/JavaVirtualMachines/jdk1.8.0_171.jdk/Contents/Home/jre/lib/resources.jar:/Library/Java/JavaVirtualMachines/jdk1.8.0_171.jdk/Contents/Home/jre/lib/rt.jar:/Library/Java/JavaVirtualMachines/jdk1.8.0_171.jdk/Contents/Home/jre/lib/sunrsasign.jar:/Library/Java/JavaVirtualMachines/jdk1.8.0_171.jdk/Contents/Home/jre/lib/jsse.jar:/Library/Java/JavaVirtualMachines/jdk1.8.0_171.jdk/Contents/Home/jre/lib/jce.jar:/Library/Java/JavaVirtualMachines/jdk1.8.0_171.jdk/Contents/Home/jre/lib/charsets.jar:/Library/Java/JavaVirtualMachines/jdk1.8.0_171.jdk/Contents/Home/jre/lib/jfr.jar:/Library/Java/JavaVirtualMachines/jdk1.8.0_171.jdk/Contents/Home/jre/classes, java.vendor=Oracle Corporation, localRepository=/Users/zhanghan/.m2/repository, file.separator=/, java.vendor.url.bug=http://bugreport.sun.com/bugreport/, sun.io.unicode.encoding=UnicodeBig, sun.cpu.endian=little, socksNonProxyHosts=local|*.local|169.254/16|*.169.254/16, ftp.nonProxyHosts=local|*.local|169.254/16|*.169.254/16, sun.cpu.isalist=}}, SystemEnvironmentPropertySource@482082765 {name='systemEnvironment', properties={__CFBundleIdentifier=com.jetbrains.intellij, PATH=/usr/local/bin:/usr/bin:/bin:/usr/sbin:/sbin, SHELL=/bin/zsh, OLDPWD=/Users/zhanghan/IdeaProjects/atcrowdfunding01-admin-parent/atcrowdfunding02-admin-webui, USER=zhanghan, COMMAND_MODE=unix2003, TMPDIR=/var/folders/dl/fmmfgtvs4zs6ygk2gh11ctrr0000gn/T/, JAVA_MAIN_CLASS_42081=org.apache.maven.surefire.booter.ForkedBooter, SSH_AUTH_SOCK=/private/tmp/com.apple.launchd.hnedJUbQ3x/Listeners, XPC_FLAGS=0x0, JAVA_MAIN_CLASS_42072=org.codehaus.classworlds.Launcher, __CF_USER_TEXT_ENCODING=0x1F5:0x19:0x34, LOGNAME=zhanghan, LC_CTYPE=zh_CN.UTF-8, XPC_SERVICE_NAME=0, PWD=/Users/zhanghan/IdeaProjects/atcrowdfunding01-admin-parent/atcrowdfunding02-admin-webui, HOME=/Users/zhanghan, SHLVL=1, _=/Library/Java/JavaVirtualMachines/jdk1.8.0_171.jdk/Contents/Home/jre/bin/java}}]
02:09:19.329 [main] DEBUG org.springframework.core.io.support.PathMatchingResourcePatternResolver - Resolved classpath location [com/atguigu/crowd/mapper/] to resources [URL [jar:file:/Users/zhanghan/.m2/repository/com/atguigu/crowd/atcrowdfunding03-admin-component/1.0-SNAPSHOT/atcrowdfunding03-admin-component-1.0-SNAPSHOT.jar!/com/atguigu/crowd/mapper/]]
02:09:19.330 [main] DEBUG org.springframework.core.io.support.PathMatchingResourcePatternResolver - Looking for matching resources in jar file [file:/Users/zhanghan/.m2/repository/com/atguigu/crowd/atcrowdfunding03-admin-component/1.0-SNAPSHOT/atcrowdfunding03-admin-component-1.0-SNAPSHOT.jar]
02:09:19.333 [main] DEBUG org.springframework.core.io.support.PathMatchingResourcePatternResolver - Resolved location pattern [classpath*:com/atguigu/crowd/mapper/**/*.class] to resources [URL [jar:file:/Users/zhanghan/.m2/repository/com/atguigu/crowd/atcrowdfunding03-admin-component/1.0-SNAPSHOT/atcrowdfunding03-admin-component-1.0-SNAPSHOT.jar!/com/atguigu/crowd/mapper/AdminMapper.class]]
02:09:19.336 [main] DEBUG org.mybatis.spring.mapper.ClassPathMapperScanner - Identified candidate component class: URL [jar:file:/Users/zhanghan/.m2/repository/com/atguigu/crowd/atcrowdfunding03-admin-component/1.0-SNAPSHOT/atcrowdfunding03-admin-component-1.0-SNAPSHOT.jar!/com/atguigu/crowd/mapper/AdminMapper.class]
02:09:19.340 [main] DEBUG org.mybatis.spring.mapper.ClassPathMapperScanner - Creating MapperFactoryBean with name 'adminMapper' and 'com.atguigu.crowd.mapper.AdminMapper' mapperInterface
02:09:19.342 [main] DEBUG org.mybatis.spring.mapper.ClassPathMapperScanner - Enabling autowire by type for MapperFactoryBean with name 'adminMapper'.
02:09:19.343 [main] DEBUG org.springframework.beans.factory.support.DefaultListableBeanFactory - Creating shared instance of singleton bean 'org.springframework.context.support.PropertySourcesPlaceholderConfigurer#0'
02:09:19.344 [main] DEBUG org.springframework.beans.factory.support.DefaultListableBeanFactory - Creating instance of bean 'org.springframework.context.support.PropertySourcesPlaceholderConfigurer#0'
02:09:19.345 [main] DEBUG org.springframework.beans.factory.support.DefaultListableBeanFactory - Eagerly caching bean 'org.springframework.context.support.PropertySourcesPlaceholderConfigurer#0' to allow for resolving potential circular references
02:09:19.366 [main] DEBUG org.springframework.beans.factory.support.DefaultListableBeanFactory - Finished creating instance of bean 'org.springframework.context.support.PropertySourcesPlaceholderConfigurer#0'
02:09:19.368 [main] DEBUG org.springframework.core.env.MutablePropertySources - Adding PropertySource 'environmentProperties' with lowest search precedence
02:09:19.369 [main] DEBUG org.springframework.context.support.PropertySourcesPlaceholderConfigurer - Loading properties file from class path resource [jdbc.properties]
02:09:19.370 [main] DEBUG org.springframework.core.env.MutablePropertySources - Adding PropertySource 'localProperties' with lowest search precedence
02:09:19.372 [main] DEBUG org.springframework.core.env.PropertySourcesPropertyResolver - Could not find key 'jdbc.user' in any property source
02:09:19.372 [main] DEBUG org.springframework.core.env.PropertySourcesPropertyResolver - Found key 'jdbc.user' in PropertySource 'localProperties' with value of type String
02:09:19.372 [main] DEBUG org.springframework.core.env.PropertySourcesPropertyResolver - Could not find key 'jdbc.password' in any property source
02:09:19.373 [main] DEBUG org.springframework.core.env.PropertySourcesPropertyResolver - Found key 'jdbc.password' in PropertySource 'localProperties' with value of type String
02:09:19.374 [main] DEBUG org.springframework.core.env.PropertySourcesPropertyResolver - Could not find key 'jdbc.url' in any property source
02:09:19.374 [main] DEBUG org.springframework.core.env.PropertySourcesPropertyResolver - Found key 'jdbc.url' in PropertySource 'localProperties' with value of type String
02:09:19.375 [main] DEBUG org.springframework.core.env.PropertySourcesPropertyResolver - Could not find key 'jdbc.driver' in any property source
02:09:19.375 [main] DEBUG org.springframework.core.env.PropertySourcesPropertyResolver - Found key 'jdbc.driver' in PropertySource 'localProperties' with value of type String
02:09:19.377 [main] DEBUG org.springframework.beans.factory.support.DefaultListableBeanFactory - Creating shared instance of singleton bean 'org.springframework.context.annotation.internalAutowiredAnnotationProcessor'
02:09:19.377 [main] DEBUG org.springframework.beans.factory.support.DefaultListableBeanFactory - Creating instance of bean 'org.springframework.context.annotation.internalAutowiredAnnotationProcessor'
02:09:19.378 [main] DEBUG org.springframework.beans.factory.support.DefaultListableBeanFactory - Eagerly caching bean 'org.springframework.context.annotation.internalAutowiredAnnotationProcessor' to allow for resolving potential circular references
02:09:19.387 [main] DEBUG org.springframework.beans.factory.support.DefaultListableBeanFactory - Finished creating instance of bean 'org.springframework.context.annotation.internalAutowiredAnnotationProcessor'
02:09:19.388 [main] DEBUG org.springframework.beans.factory.support.DefaultListableBeanFactory - Creating shared instance of singleton bean 'org.springframework.context.annotation.internalRequiredAnnotationProcessor'
02:09:19.389 [main] DEBUG org.springframework.beans.factory.support.DefaultListableBeanFactory - Creating instance of bean 'org.springframework.context.annotation.internalRequiredAnnotationProcessor'
02:09:19.390 [main] DEBUG org.springframework.beans.factory.support.DefaultListableBeanFactory - Eagerly caching bean 'org.springframework.context.annotation.internalRequiredAnnotationProcessor' to allow for resolving potential circular references
02:09:19.394 [main] DEBUG org.springframework.beans.factory.support.DefaultListableBeanFactory - Finished creating instance of bean 'org.springframework.context.annotation.internalRequiredAnnotationProcessor'
02:09:19.395 [main] DEBUG org.springframework.beans.factory.support.DefaultListableBeanFactory - Creating shared instance of singleton bean 'org.springframework.context.annotation.internalCommonAnnotationProcessor'
02:09:19.395 [main] DEBUG org.springframework.beans.factory.support.DefaultListableBeanFactory - Creating instance of bean 'org.springframework.context.annotation.internalCommonAnnotationProcessor'
02:09:19.401 [main] DEBUG org.springframework.beans.factory.support.DefaultListableBeanFactory - Eagerly caching bean 'org.springframework.context.annotation.internalCommonAnnotationProcessor' to allow for resolving potential circular references
02:09:19.407 [main] DEBUG org.springframework.beans.factory.support.DefaultListableBeanFactory - Finished creating instance of bean 'org.springframework.context.annotation.internalCommonAnnotationProcessor'
02:09:19.409 [main] DEBUG org.springframework.context.support.GenericApplicationContext - Unable to locate MessageSource with name 'messageSource': using default [org.springframework.context.support.DelegatingMessageSource@294425a7]
02:09:19.411 [main] DEBUG org.springframework.context.support.GenericApplicationContext - Unable to locate ApplicationEventMulticaster with name 'applicationEventMulticaster': using default [org.springframework.context.event.SimpleApplicationEventMulticaster@6572421]
02:09:19.412 [main] DEBUG org.springframework.beans.factory.support.DefaultListableBeanFactory - Pre-instantiating singletons in org.springframework.beans.factory.support.DefaultListableBeanFactory@4206a205: defining beans [org.springframework.context.support.PropertySourcesPlaceholderConfigurer#0,dataSource,sqlSessionFactoryBean,mapperScannerConfigurer,org.springframework.context.annotation.internalConfigurationAnnotationProcessor,org.springframework.context.annotation.internalAutowiredAnnotationProcessor,org.springframework.context.annotation.internalRequiredAnnotationProcessor,org.springframework.context.annotation.internalCommonAnnotationProcessor,org.springframework.context.event.internalEventListenerProcessor,org.springframework.context.event.internalEventListenerFactory,adminMapper]; root of factory hierarchy
02:09:19.412 [main] DEBUG org.springframework.beans.factory.support.DefaultListableBeanFactory - Returning cached instance of singleton bean 'org.springframework.context.support.PropertySourcesPlaceholderConfigurer#0'
02:09:19.412 [main] DEBUG org.springframework.beans.factory.support.DefaultListableBeanFactory - Creating shared instance of singleton bean 'dataSource'
02:09:19.412 [main] DEBUG org.springframework.beans.factory.support.DefaultListableBeanFactory - Creating instance of bean 'dataSource'
02:09:19.446 [main] DEBUG org.springframework.beans.factory.support.DefaultListableBeanFactory - Eagerly caching bean 'dataSource' to allow for resolving potential circular references
02:09:19.508 [main] DEBUG org.springframework.beans.factory.support.DefaultListableBeanFactory - Finished creating instance of bean 'dataSource'
02:09:19.509 [main] DEBUG org.springframework.beans.factory.support.DefaultListableBeanFactory - Creating shared instance of singleton bean 'sqlSessionFactoryBean'
02:09:19.509 [main] DEBUG org.springframework.beans.factory.support.DefaultListableBeanFactory - Creating instance of bean 'sqlSessionFactoryBean'
02:09:19.544 [main] DEBUG org.apache.ibatis.logging.LogFactory - Logging initialized using 'class org.apache.ibatis.logging.commons.JakartaCommonsLoggingImpl' adapter.
02:09:19.550 [main] DEBUG org.springframework.beans.factory.support.DefaultListableBeanFactory - Eagerly caching bean 'sqlSessionFactoryBean' to allow for resolving potential circular references
02:09:19.564 [main] DEBUG org.springframework.core.io.support.PathMatchingResourcePatternResolver - Looking for matching resources in directory tree [/Users/zhanghan/IdeaProjects/atcrowdfunding01-admin-parent/atcrowdfunding02-admin-webui/target/classes/mybatis/mapper]
02:09:19.564 [main] DEBUG org.springframework.core.io.support.PathMatchingResourcePatternResolver - Searching directory [/Users/zhanghan/IdeaProjects/atcrowdfunding01-admin-parent/atcrowdfunding02-admin-webui/target/classes/mybatis/mapper] for files matching pattern [/Users/zhanghan/IdeaProjects/atcrowdfunding01-admin-parent/atcrowdfunding02-admin-webui/target/classes/mybatis/mapper/*Mapper.xml]
02:09:19.571 [main] DEBUG org.springframework.core.io.support.PathMatchingResourcePatternResolver - Resolved location pattern [classpath:mybatis/mapper/*Mapper.xml] to resources [file [/Users/zhanghan/IdeaProjects/atcrowdfunding01-admin-parent/atcrowdfunding02-admin-webui/target/classes/mybatis/mapper/AdminMapper.xml]]
02:09:19.572 [main] DEBUG org.springframework.beans.factory.support.DefaultListableBeanFactory - Returning cached instance of singleton bean 'dataSource'
02:09:19.573 [main] DEBUG org.springframework.beans.factory.support.DefaultListableBeanFactory - Creating instance of bean 'com.github.pagehelper.PageHelper#77be656f'
02:09:19.626 [main] DEBUG org.springframework.beans.factory.support.DefaultListableBeanFactory - Finished creating instance of bean 'com.github.pagehelper.PageHelper#77be656f'
02:09:19.638 [main] DEBUG org.springframework.beans.factory.support.DefaultListableBeanFactory - Invoking afterPropertiesSet() on bean with name 'sqlSessionFactoryBean'
02:09:19.704 [main] DEBUG org.mybatis.spring.SqlSessionFactoryBean - Registered plugin: 'com.github.pagehelper.PageHelper@61386958'
02:09:19.747 [main] DEBUG org.mybatis.spring.SqlSessionFactoryBean - Parsed configuration file: 'class path resource [mybatis-config.xml]'
02:09:19.786 [main] DEBUG org.springframework.beans.factory.support.DefaultListableBeanFactory - Retrieved dependent beans for bean 'com.github.pagehelper.PageHelper#77be656f': [sqlSessionFactoryBean]
02:09:19.787 [main] WARN org.springframework.context.support.GenericApplicationContext - Exception encountered during context initialization - cancelling refresh attempt: org.springframework.beans.factory.BeanCreationException: Error creating bean with name 'sqlSessionFactoryBean' defined in class path resource [spring-persist-mybatis.xml]: Invocation of init method failed; nested exception is org.springframework.core.NestedIOException: Failed to parse mapping resource: 'file [/Users/zhanghan/IdeaProjects/atcrowdfunding01-admin-parent/atcrowdfunding02-admin-webui/target/classes/mybatis/mapper/AdminMapper.xml]'; nested exception is org.apache.ibatis.builder.BuilderException: Error parsing Mapper XML. Cause: org.apache.ibatis.builder.BuilderException: Error resolving class. Cause: org.apache.ibatis.type.TypeException: Could not resolve type alias 'com.atguigu.crowd.com.atguigu.crowd.entity.Admin'.  Cause: java.lang.ClassNotFoundException: Cannot find class: com.atguigu.crowd.com.atguigu.crowd.entity.Admin
02:09:19.787 [main] DEBUG org.springframework.beans.factory.support.DefaultListableBeanFactory - Destroying singletons in org.springframework.beans.factory.support.DefaultListableBeanFactory@4206a205: defining beans [org.springframework.context.support.PropertySourcesPlaceholderConfigurer#0,dataSource,sqlSessionFactoryBean,mapperScannerConfigurer,org.springframework.context.annotation.internalConfigurationAnnotationProcessor,org.springframework.context.annotation.internalAutowiredAnnotationProcessor,org.springframework.context.annotation.internalRequiredAnnotationProcessor,org.springframework.context.annotation.internalCommonAnnotationProcessor,org.springframework.context.event.internalEventListenerProcessor,org.springframework.context.event.internalEventListenerFactory,adminMapper]; root of factory hierarchy
02:09:19.787 [main] DEBUG org.springframework.beans.factory.support.DisposableBeanAdapter - Invoking destroy method 'close' on bean with name 'dataSource'
02:09:19.797 [main] ERROR org.springframework.test.context.TestContextManager - Caught exception while allowing TestExecutionListener [org.springframework.test.context.support.DependencyInjectionTestExecutionListener@3b084709] to prepare test instance [com.atguigu.crowd.test.CrowdTest@6895a785]
java.lang.IllegalStateException: Failed to load ApplicationContext
	at org.springframework.test.context.cache.DefaultCacheAwareContextLoaderDelegate.loadContext(DefaultCacheAwareContextLoaderDelegate.java:124)
	at org.springframework.test.context.support.DefaultTestContext.getApplicationContext(DefaultTestContext.java:83)
	at org.springframework.test.context.support.DependencyInjectionTestExecutionListener.injectDependencies(DependencyInjectionTestExecutionListener.java:117)
	at org.springframework.test.context.support.DependencyInjectionTestExecutionListener.prepareTestInstance(DependencyInjectionTestExecutionListener.java:83)
	at org.springframework.test.context.TestContextManager.prepareTestInstance(TestContextManager.java:230)
	at org.springframework.test.context.junit4.SpringJUnit4ClassRunner.createTest(SpringJUnit4ClassRunner.java:228)
	at org.springframework.test.context.junit4.SpringJUnit4ClassRunner$1.runReflectiveCall(SpringJUnit4ClassRunner.java:287)
	at org.junit.internal.runners.model.ReflectiveCallable.run(ReflectiveCallable.java:12)
	at org.springframework.test.context.junit4.SpringJUnit4ClassRunner.methodBlock(SpringJUnit4ClassRunner.java:289)
	at org.springframework.test.context.junit4.SpringJUnit4ClassRunner.runChild(SpringJUnit4ClassRunner.java:247)
	at org.springframework.test.context.junit4.SpringJUnit4ClassRunner.runChild(SpringJUnit4ClassRunner.java:94)
	at org.junit.runners.ParentRunner$3.run(ParentRunner.java:290)
	at org.junit.runners.ParentRunner$1.schedule(ParentRunner.java:71)
	at org.junit.runners.ParentRunner.runChildren(ParentRunner.java:288)
	at org.junit.runners.ParentRunner.access$000(ParentRunner.java:58)
	at org.junit.runners.ParentRunner$2.evaluate(ParentRunner.java:268)
	at org.springframework.test.context.junit4.statements.RunBeforeTestClassCallbacks.evaluate(RunBeforeTestClassCallbacks.java:61)
	at org.springframework.test.context.junit4.statements.RunAfterTestClassCallbacks.evaluate(RunAfterTestClassCallbacks.java:70)
	at org.junit.runners.ParentRunner.run(ParentRunner.java:363)
	at org.springframework.test.context.junit4.SpringJUnit4ClassRunner.run(SpringJUnit4ClassRunner.java:191)
	at org.apache.maven.surefire.junit4.JUnit4Provider.execute(JUnit4Provider.java:365)
	at org.apache.maven.surefire.junit4.JUnit4Provider.executeWithRerun(JUnit4Provider.java:273)
	at org.apache.maven.surefire.junit4.JUnit4Provider.executeTestSet(JUnit4Provider.java:238)
	at org.apache.maven.surefire.junit4.JUnit4Provider.invoke(JUnit4Provider.java:159)
	at org.apache.maven.surefire.booter.ForkedBooter.invokeProviderInSameClassLoader(ForkedBooter.java:384)
	at org.apache.maven.surefire.booter.ForkedBooter.runSuitesInProcess(ForkedBooter.java:345)
	at org.apache.maven.surefire.booter.ForkedBooter.execute(ForkedBooter.java:126)
	at org.apache.maven.surefire.booter.ForkedBooter.main(ForkedBooter.java:418)
Caused by: org.springframework.beans.factory.BeanCreationException: Error creating bean with name 'sqlSessionFactoryBean' defined in class path resource [spring-persist-mybatis.xml]: Invocation of init method failed; nested exception is org.springframework.core.NestedIOException: Failed to parse mapping resource: 'file [/Users/zhanghan/IdeaProjects/atcrowdfunding01-admin-parent/atcrowdfunding02-admin-webui/target/classes/mybatis/mapper/AdminMapper.xml]'; nested exception is org.apache.ibatis.builder.BuilderException: Error parsing Mapper XML. Cause: org.apache.ibatis.builder.BuilderException: Error resolving class. Cause: org.apache.ibatis.type.TypeException: Could not resolve type alias 'com.atguigu.crowd.com.atguigu.crowd.entity.Admin'.  Cause: java.lang.ClassNotFoundException: Cannot find class: com.atguigu.crowd.com.atguigu.crowd.entity.Admin
	at org.springframework.beans.factory.support.AbstractAutowireCapableBeanFactory.initializeBean(AbstractAutowireCapableBeanFactory.java:1631)
	at org.springframework.beans.factory.support.AbstractAutowireCapableBeanFactory.doCreateBean(AbstractAutowireCapableBeanFactory.java:553)
	at org.springframework.beans.factory.support.AbstractAutowireCapableBeanFactory.createBean(AbstractAutowireCapableBeanFactory.java:481)
	at org.springframework.beans.factory.support.AbstractBeanFactory$1.getObject(AbstractBeanFactory.java:312)
	at org.springframework.beans.factory.support.DefaultSingletonBeanRegistry.getSingleton(DefaultSingletonBeanRegistry.java:230)
	at org.springframework.beans.factory.support.AbstractBeanFactory.doGetBean(AbstractBeanFactory.java:308)
	at org.springframework.beans.factory.support.AbstractBeanFactory.getBean(AbstractBeanFactory.java:197)
	at org.springframework.beans.factory.support.DefaultListableBeanFactory.preInstantiateSingletons(DefaultListableBeanFactory.java:742)
	at org.springframework.context.support.AbstractApplicationContext.finishBeanFactoryInitialization(AbstractApplicationContext.java:867)
	at org.springframework.context.support.AbstractApplicationContext.refresh(AbstractApplicationContext.java:543)
	at org.springframework.test.context.support.AbstractGenericContextLoader.loadContext(AbstractGenericContextLoader.java:128)
	at org.springframework.test.context.support.AbstractGenericContextLoader.loadContext(AbstractGenericContextLoader.java:60)
	at org.springframework.test.context.support.AbstractDelegatingSmartContextLoader.delegateLoading(AbstractDelegatingSmartContextLoader.java:281)
	at org.springframework.test.context.support.AbstractDelegatingSmartContextLoader.loadContext(AbstractDelegatingSmartContextLoader.java:249)
	at org.springframework.test.context.cache.DefaultCacheAwareContextLoaderDelegate.loadContextInternal(DefaultCacheAwareContextLoaderDelegate.java:98)
	at org.springframework.test.context.cache.DefaultCacheAwareContextLoaderDelegate.loadContext(DefaultCacheAwareContextLoaderDelegate.java:116)
	... 27 common frames omitted
Caused by: org.springframework.core.NestedIOException: Failed to parse mapping resource: 'file [/Users/zhanghan/IdeaProjects/atcrowdfunding01-admin-parent/atcrowdfunding02-admin-webui/target/classes/mybatis/mapper/AdminMapper.xml]'; nested exception is org.apache.ibatis.builder.BuilderException: Error parsing Mapper XML. Cause: org.apache.ibatis.builder.BuilderException: Error resolving class. Cause: org.apache.ibatis.type.TypeException: Could not resolve type alias 'com.atguigu.crowd.com.atguigu.crowd.entity.Admin'.  Cause: java.lang.ClassNotFoundException: Cannot find class: com.atguigu.crowd.com.atguigu.crowd.entity.Admin
	at org.mybatis.spring.SqlSessionFactoryBean.buildSqlSessionFactory(SqlSessionFactoryBean.java:466)
	at org.mybatis.spring.SqlSessionFactoryBean.afterPropertiesSet(SqlSessionFactoryBean.java:340)
	at org.springframework.beans.factory.support.AbstractAutowireCapableBeanFactory.invokeInitMethods(AbstractAutowireCapableBeanFactory.java:1689)
	at org.springframework.beans.factory.support.AbstractAutowireCapableBeanFactory.initializeBean(AbstractAutowireCapableBeanFactory.java:1627)
	... 42 common frames omitted
Caused by: org.apache.ibatis.builder.BuilderException: Error parsing Mapper XML. Cause: org.apache.ibatis.builder.BuilderException: Error resolving class. Cause: org.apache.ibatis.type.TypeException: Could not resolve type alias 'com.atguigu.crowd.com.atguigu.crowd.entity.Admin'.  Cause: java.lang.ClassNotFoundException: Cannot find class: com.atguigu.crowd.com.atguigu.crowd.entity.Admin
	at org.apache.ibatis.builder.xml.XMLMapperBuilder.configurationElement(XMLMapperBuilder.java:120)
	at org.apache.ibatis.builder.xml.XMLMapperBuilder.parse(XMLMapperBuilder.java:92)
	at org.mybatis.spring.SqlSessionFactoryBean.buildSqlSessionFactory(SqlSessionFactoryBean.java:464)
	... 45 common frames omitted
Caused by: org.apache.ibatis.builder.BuilderException: Error resolving class. Cause: org.apache.ibatis.type.TypeException: Could not resolve type alias 'com.atguigu.crowd.com.atguigu.crowd.entity.Admin'.  Cause: java.lang.ClassNotFoundException: Cannot find class: com.atguigu.crowd.com.atguigu.crowd.entity.Admin
	at org.apache.ibatis.builder.BaseBuilder.resolveClass(BaseBuilder.java:103)
	at org.apache.ibatis.builder.xml.XMLMapperBuilder.resultMapElement(XMLMapperBuilder.java:264)
	at org.apache.ibatis.builder.xml.XMLMapperBuilder.resultMapElement(XMLMapperBuilder.java:251)
	at org.apache.ibatis.builder.xml.XMLMapperBuilder.resultMapElements(XMLMapperBuilder.java:243)
	at org.apache.ibatis.builder.xml.XMLMapperBuilder.configurationElement(XMLMapperBuilder.java:116)
	... 47 common frames omitted
Caused by: org.apache.ibatis.type.TypeException: Could not resolve type alias 'com.atguigu.crowd.com.atguigu.crowd.entity.Admin'.  Cause: java.lang.ClassNotFoundException: Cannot find class: com.atguigu.crowd.com.atguigu.crowd.entity.Admin
	at org.apache.ibatis.type.TypeAliasRegistry.resolveAlias(TypeAliasRegistry.java:117)
	at org.apache.ibatis.builder.BaseBuilder.resolveAlias(BaseBuilder.java:130)
	at org.apache.ibatis.builder.BaseBuilder.resolveClass(BaseBuilder.java:101)
	... 51 common frames omitted
Caused by: java.lang.ClassNotFoundException: Cannot find class: com.atguigu.crowd.com.atguigu.crowd.entity.Admin
	at org.apache.ibatis.io.ClassLoaderWrapper.classForName(ClassLoaderWrapper.java:190)
	at org.apache.ibatis.io.ClassLoaderWrapper.classForName(ClassLoaderWrapper.java:89)
	at org.apache.ibatis.io.Resources.classForName(Resources.java:256)
	at org.apache.ibatis.type.TypeAliasRegistry.resolveAlias(TypeAliasRegistry.java:113)
	... 53 common frames omitted
]]></system-out>
  </testcase>
</testsuite>